0c 7c d5 d9 48 52 61 fc 7b c1 e0 08 26 01 91 00 02 0a 48 b7 61 be 8a 26 26 97 7a 1c 0c 67 68 86
0d 7d 4d db 28 58 22 1b 7c 35 e2 c8 2d c1 a5 00 02 0c f8 bf 61 c6 8a 8e 27 f7 7c 1c 0d 67 68 86
0e 7d 25 da d8 54 62 10 7b fd e3 18 2b 81 98 00 02 0c 88 c8 a1 db 8a de 27 47 7f 9c 0d 67 68 87
0f 7c 9d d9 88 4c 21 f1 7b c9 df d8 1e 81 98 00 02 08 68 bb 21 c8 8a 82 26 17 7d 9c 01 67 68 96
10 7c dd da b8 51 22 09 7b f9 e0 f8 25 80 00 00 02 0a 78 b0 a1 b2 8a 72 27 47 7c 9c 09 67 68 a6
11 7d 09 db 68 55 a2 1c 7b d1 e3 88 31 00 00 00 02 0e 78 b5 e1 ac 8a 9a 27 d7 7d 1c 0f 67 68 a7
12 7c c9 da 58 51 a1 fd 7b 89 e1 78 24 c0 00 00 02 0b f8 be 21 b7 8a 7a 26 e7 7d dc 03 67 68 a9
13 7d 05 da 48 52 a1 f7 7b b5 df c8 1e 40 00 00 02 0a 58 c0 61 ce 8a ba 27 17 84 9c 14 67 68 a9
14 7d 25 da d8 56 e2 06 7b c1 e1 68 2b 40 00 00 02 0c 88 bb 21 d0 8a f2 27 e7 89 5c 25 67 68 b5
15 7c d9 db 28 56 62 01 7b 99 e3 68 32 80 00 00 02 0c c8 b6 a1 bf 8a 9a 27 f7 85 1c 0f 67 67 dc
16 7c a5 da e8 50 e1 f1 7b 71 e2 b8 28 40 00 00 02 0c 58 b7 e1 a8 8a 4a 26 e7 81 1b f2 67 67 9c
17 7c 61 d9 b8 49 e1 d7 7b 0d df f8 1d 80 00 00 02 0c f8 bb a1 8d 89 fe 24 f7 7e db e6 67 68 70
18 7c 59 d9 48 4b a1 cf 7a fd df 48 1f c0 00 00 02 0c 18 bb 61 8d 89 d6 25 07 7e 9b e9 67 68 96
19 7c e9 da d8 54 61 f0 7b 9d e1 f8 2b 00 00 00 02 0c 98 b9 a1 a3 8a 2e 26 d7 84 1c 00 67 68 96
1a 7d 19 db e8 56 22 04 7b c9 e3 98 34 40 00 00 02 0f 68 be a1 ac 8a 62 27 07 89 dc 14 67 68 89
1b 7c a9 db a8 55 21 f6 7b 69 e2 68 34 80 00 00 02 0f 78 c7 e1 b3 8a 3e 26 87 8e 5c 0f 67 68 9b
1c 7c b1 dc 28 56 a1 f9 7b 85 e3 08 30 00 00 00 02 0e a8 c4 21 b2 8a 32 27 e7 92 9c 10 67 68 8b
1d 7c ed db d8 52 e1 f9 7b a9 e3 68 29 80 00 00 02 0e e8 b1 21 8d 89 e2 27 87 8e dc 0c 67 68 9c
1e 7c cd da e8 51 e1 e2 7b 2d e1 58 26 c0 00 00 02 0d 98 b0 21 7d 89 6e 25 57 89 1b fb 67 68 8c
1f 7c 9d da b8 58 a1 d7 7a a9 e0 88 27 00 00 00 02 0c 68 bf e1 90 89 46 25 07 8b 9b f5 67 68 8f
20 7c 5d d9 88 55 a1 c3 7a 35 df a8 1d c0 00 00 02 0c 38 b7 61 6f 88 ea 25 17 89 1b e5 67 68 7f
21 7c 0d d8 38 47 61 9f 79 a9 dd 88 15 40 00 00 02 0a 48 a1 21 3c 88 3e 23 27 80 9b c3 67 68 7d
22 7c 7d da 38 49 21 b4 7a 11 df f8 25 00 00 00 02 0b 98 a9 21 63 88 76 23 97 88 5b e4 67 68 7b
23 7d 79 dd 88 5c a1 ea 7b 3d e6 58 3e 80 00 00 02 12 c8 c4 21 ac 89 82 28 07 9b dc 36 67 68 8c
24 7d 59 dc b8 5d 61 d7 7a d5 e5 78 39 40 00 00 02 13 88 c2 a1 9b 89 82 29 17 9d 5c 29 67 68 ad
25 7c 75 da 28 4b 61 a2 79 69 de 88 19 c0 00 00 02 0b 18 ad 61 6b 88 66 25 97 91 1b e2 67 69 90
26 7c 4d da 78 4b a1 a0 79 85 dc e8 0f c0 00 00 02 08 78 aa a1 64 87 d6 24 27 8f 1b e0 67 69 c2
27 7c a1 db a8 55 e1 b0 7a 51 e0 88 21 00 00 00 02 0d 78 b1 61 65 88 12 25 87 93 db f3 67 69 d5
28 7c e5 dc 48 51 61 ba 7a 5d e2 a8 2c c0 00 00 02 0e e8 b4 61 77 88 52 27 47 97 5b fb 67 69 e7
29 7d 35 dd 98 50 e1 cc 7a 51 e2 78 2b 80 00 00 02 0d 48 bc a1 b0 88 82 28 b7 9e 9c 2a 68 69 05
2a 7d 35 de 48 57 a1 c7 7a 55 e0 a8 23 00 00 00 02 0c e8 bc 61 c2 88 66 28 87 a1 dc 3e 68 69 27
2b 7c f5 dd 48 54 a1 ae 7a 0d de d8 19 00 00 00 02 0d 38 ac 61 88 87 de 26 b7 96 dc 10 68 68 8d
2c 7d 25 dd 48 54 a1 b3 79 dd e0 48 1e 80 00 00 02 0e b8 a7 61 6f 87 ca 27 17 8e 9c 09 68 67 8e
2d 7d 29 dd 78 58 21 b3 79 d5 e0 48 24 80 00 00 02 0d 98 ab 21 8d 87 de 27 e7 91 9c 22 68 67 bb
2e 7c dd dc 48 54 21 99 79 b5 dd 58 17 40 00 00 02 0a 98 a8 21 95 87 7e 27 07 93 9c 1b 68 68 e0
2f 7d 25 dc b8 54 61 a1 79 dd de b8 17 80 00 00 02 0c f8 ad e1 a5 87 7e 27 87 95 dc 2f 68 68 d5
30 7d 9d de 58 5a 61 c5 7a 65 e2 f8 2a 80 00 00 02 10 a8 b8 a1 d0 88 06 29 b7 9d dc 5a 68 68 ba
31 7d 61 dd f8 55 a1 b7 7a 89 e2 d8 28 00 00 00 02 0e c8 b4 a1 cd 87 ea 29 47 9e 5c 4e 68 68 cc
32 7c b9 db 98 4a e1 87 7a 1d de 88 13 00 00 00 02 0b 58 a9 a1 9b 87 0e 25 d7 93 1c 24 68 68 ca
33 7c 85 da b8 48 a1 79 79 f5 db 18 0b 40 00 00 02 0a 78 a6 61 89 86 ae 24 27 8d 5c 1c 68 68 dc
34 7c f5 dc b8 52 21 9e 7a 75 dd 58 19 c0 00 00 02 0c 48 ad 21 b5 87 46 26 b7 99 5c 39 69 68 0b
35 7d 65 de 88 5d a1 c7 7b 01 e3 48 2e 80 00 00 02 0f e8 b2 61 da 88 16 29 c7 a7 dc 59 69 68 1c
36 7d 19 de 38 5b 61 b7 7a f1 e4 28 2d c0 00 00 02 10 18 a6 a1 a9 87 e2 28 b7 a3 9c 47 69 68 5d
37 7c 3d dc 38 4b a1 6d 7a 25 df e8 1c 80 00 00 02 0c d8 98 e1 4a 86 8e 24 87 91 5b fd 69 68 9f
38 7c 01 da e8 46 61 4a 79 8d e0 98 23 80 00 00 02 0e 28 a2 21 2c 85 fa 23 47 8b 1b d7 69 69 d0
39 7c 91 db f8 4e e1 6d 79 b1 e4 78 36 40 00 00 02 11 e8 af 21 57 86 9e 25 87 93 5b e4 6a 69 00
3a 7c c9 dd 48 4f e1 7a 79 b1 e3 68 2e 80 00 00 02 10 e8 a9 61 6c 86 66 25 f7 93 9b de 6a 69 30
3b 7c 59 db e8 47 e1 52 79 55 df 78 1d 40 00 00 02 0d d8 9f 21 4c 85 7a 23 e7 8d 5b c7 6a 69 40
3c 7c 79 db a8 4c 21 64 79 55 df 28 24 00 00 00 02 0f 68 a2 61 4e 86 42 25 37 93 9b d8 6a 69 50
3d 7d 41 df 18 5b 61 b1 79 c1 e1 a8 32 c0 00 00 02 11 f8 af 61 88 87 ba 29 27 9e 5c 05 6a 68 5e
3e 7d 19 df e8 5b a1 c0 79 b9 e0 18 27 c0 00 00 02 0f 18 ab 21 8d 87 22 28 97 97 db f2 6a 68 5e
3f 7c 51 dd 98 52 a1 ab 79 51 dd 48 16 40 00 00 02 0b c8 98 a1 5b 85 ee 25 67 8b db c1 6a 68 9c
40 7c bd de f8 5b 61 e0 79 b9 e0 28 23 01 ca 00 02 0e 58 9a e1 67 86 c6 27 37 93 5b e3 6a 68 af
41 7d 95 e1 68 65 a2 09 7a 25 e3 38 31 c1 b7 00 02 10 d8 a8 61 81 87 96 29 67 9a 9c 0c 6b 69 01
42 7d 39 e0 08 5d 61 e0 79 a1 e2 38 29 41 a8 00 02 0f c8 9f 61 5d 86 f2 26 d7 92 5b e5 6b 69 43
43 7c bd df c8 57 a1 e0 79 ad e3 38 28 81 b1 00 02 0f c8 91 21 4d 86 ee 25 77 8f db d4 6b 69 86
44 7c d1 e1 18 58 e1 f8 7a 55 e4 e8 2c c1 c3 00 02 10 08 94 e1 55 87 06 25 a7 8d db e8 6b 69 b9
45 7c d9 df 18 50 a1 ba 7a 0d e3 18 24 01 c9 00 02 0f a8 99 61 43 86 32 23 37 83 db cd 6b 69 fd
46 7c fd de 18 4c a1 92 79 ad e2 b8 26 01 d6 00 02 10 38 97 a1 53 86 aa 22 f7 86 9b c8 6b 69 ee
47 7d 2d e0 58 54 21 c2 79 f9 e3 f8 2d 41 99 00 02 0f 58 96 a1 7b 87 fa 25 f7 90 db f3 6b 69 a8
48 7d 25 e1 18 55 21 d0 7a 35 e4 48 30 c1 3e 00 02 10 b8 99 a1 71 87 e6 26 57 8c db fb 6b 69 53
49 7d 51 e0 e8 53 61 b3 7a 65 e4 38 3a 81 68 00 02 14 b8 9d a1 6b 87 d6 25 87 87 5b fb 6b 68 1c
4a 7d 4d e0 d8 53 e1 aa 7a 2d e2 38 34 81 9b 00 02 11 f8 99 21 7b 88 22 25 87 85 5c 02 6a 68 d8
4b 7d 39 e0 78 54 e1 ad 7a 11 e3 78 2e 41 9b 00 02 0f f8 98 e1 84 88 62 25 e7 85 5c 01 6a 68 c8
4c 7d 39 e0 18 52 61 a1 7a 8d e5 d8 35 41 96 00 02 13 78 98 21 77 88 ee 25 b7 89 9b fc 6a 68 cc
4d 7c fd e0 48 4d 61 9b 7a b9 e4 28 2f 81 a5 00 02 12 98 88 a1 65 89 02 24 37 89 5b f4 6a 68 ff
4e 7d 09 e1 58 4d a1 a6 7a a9 e5 38 2a 81 9b 00 02 11 08 7f a1 71 88 b2 23 07 85 5b fa 6b 69 03
4f 7c fd e1 68 4c e1 98 7a e1 e8 c8 2f c1 9b 00 02 12 e8 81 e1 63 88 aa 22 87 80 5b fc 6b 69 44
50 7c 3d de f8 42 e1 76 7a dd e7 28 24 01 96 00 02 11 48 7c 21 26 88 5a 20 f7 77 9b db 6b 69 64
51 7c 35 de 58 3c e1 79 7a d1 e5 68 22 c1 a5 00 02 10 b8 7c 21 35 88 1e 20 a7 78 db d0 6b 69 74
52 7c f9 e1 28 43 21 8c 7b 21 e7 68 3b 01 9b 00 02 15 38 89 21 85 88 c6 22 97 82 5b ee 6b 68 8e
53 7c f9 e2 d8 49 61 91 7b 39 e8 28 43 81 9b 00 02 16 48 8a 61 8c 89 5a 23 d7 84 9b fb 6b 68 3a
54 7c ed e2 38 4e e1 9b 7b 2d e6 f8 3f 81 96 00 02 15 28 86 a1 79 89 b6 25 07 85 dc 07 6b 68 43
55 7d 59 e1 f8 50 a1 99 7b 1d e5 08 3c 01 a5 00 02 14 88 87 21 8d 89 fe 26 37 87 5c 1f 6b 67 1c
56 7d 65 e2 b8 4c e1 8a 7a b5 e5 68 37 01 9b 00 02 13 58 83 61 90 89 fa 26 c7 86 dc 34 6b 67 17
57 7d 4d e3 88 4b e1 90 7a 95 e9 58 39 01 9b 00 02 16 38 85 a1 8b 8a 46 28 07 8b 5c 45 6b 67 06
58 7d 49 e3 68 4b a1 90 7a ed e9 98 37 81 96 00 02 19 28 88 61 a0 8a a2 28 17 8c 5c 34 6b 67 27
59 7c f9 e2 a8 47 a1 78 7a ed e7 38 2e 81 a5 00 02 16 48 7b a1 a8 8a ae 26 07 85 5c 1a 6b 67 3b
5a 7c 71 e0 f8 41 e1 61 7a b1 e7 68 2a 81 9b 00 02 13 78 6b 21 87 8a 62 23 c7 7e dc 0c 6b 68 60
5b 7c 29 df 48 3d e1 52 7a b1 e7 b8 2d 01 9b 00 02 14 b8 65 a1 62 89 ee 22 47 7a 9b ef 6b 68 71
5c 7c b5 e1 08 42 21 6b 7a dd e8 68 39 c1 96 00 02 17 d8 6a e1 77 8a 22 23 b7 7f 1c 04 6b 68 61
5d 7d 59 e2 d8 49 a1 8a 7a d1 e9 88 43 c1 a5 00 02 19 e8 6d 21 99 8a ce 26 37 88 1c 38 6b 67 4d
5e 7d 29 e1 08 4a 61 85 7a e5 e8 d8 3a 81 9b 00 02 18 68 62 e1 93 8a f2 25 f7 86 9c 2d 6a 67 fa
5f 7c fd e0 e8 4b 61 82 7b 65 e9 58 37 41 9b 00 02 16 68 5c 21 8f 8a e2 26 27 82 dc 1d 6a 67 b4
60 7d 25 e2 e8 4d a1 87 7b 59 eb 98 42 c1 96 00 02 18 18 60 e1 98 8b 42 28 17 83 dc 37 6a 67 50
61 7d 01 e2 48 4b e1 7c 7a a9 e9 b8 3f 41 a5 00 02 19 58 5a a1 93 8b 4e 28 27 83 9c 36 6a 66 2d
62 7c d9 e0 a8 48 61 68 7a 71 e5 e8 31 81 9b 00 02 17 78 4a a1 75 8a ca 26 67 7e 5c 24 69 66 f9
63 7c a9 df e8 42 21 4b 7a 91 e6 c8 2c 41 9b 00 02 14 d8 3f e1 5f 8a 6e 24 e7 79 5c 1d 69 66 d7
64 7c 81 df 58 3f 21 43 7a 8d e9 d8 32 01 96 00 02 15 c8 3a a1 70 8a a6 24 67 78 5c 15 69 66 c9
65 7d 19 e0 18 48 e1 60 7b 0d eb 08 42 81 a5 00 02 1b d8 3c 21 96 8a ea 25 97 7d dc 2c 69 66 cd
66 7d 8d e0 b8 4c e1 65 7b 89 e9 a8 44 01 9b 00 02 1e 38 38 e1 94 8a be 26 57 83 9c 45 69 67 b0
67 7c b9 df 68 41 e1 4b 7b 05 e7 88 2f 01 9b 00 02 18 48 25 e1 61 8a ae 24 57 81 9c 2b 69 67 b2
68 7c 59 df 58 43 21 65 7a e9 e8 b8 30 81 96 00 02 16 d8 1d e1 59 8a f6 23 e7 7c 9c 1f 69 66 af
69 7d 25 e0 18 51 21 8b 7b 99 ea b8 41 c1 a5 00 02 1a c8 25 21 77 8b 26 27 87 7b 9c 36 69 66 6e
6a 7d 6d df 98 53 e1 85 7b 85 e9 f8 37 01 9b 00 02 18 e8 1f 21 62 8b 52 2a 07 7f 9c 2f 69 66 4b
6b 7d 59 e1 38 59 a1 a1 7b 31 eb 18 33 c1 9b 00 02 17 d8 18 a1 49 8b ea 2b b7 84 dc 33 68 66 f8
6c 7d c5 e2 d8 68 21 c7 7b 71 eb d8 46 01 96 00 02 1b a8 1a 21 56 8c 36 2e 17 7f 1c 57 68 66 d7
6d 7d cd e1 88 66 a1 b4 7b 81 e6 68 36 81 a5 00 02 19 68 0e 21 40 8b a6 2d 67 6f 5c 45 68 66 b5
6e 7d b9 e1 b8 62 a1 b1 7b 4d e4 b8 22 01 9b 00 02 15 38 02 21 28 8b 96 2c 87 6e 5c 33 68 66 c6
6f 7e 71 e4 48 73 61 da 7b 75 eb 88 38 81 9b 00 02 19 68 09 21 53 8c 8a 2f e7 7f dc 6c 68 66 d7
70 7e 7d e4 38 79 a1 db 7b a9 ed 08 46 41 96 00 02 1c 48 08 21 56 8c ca 31 37 7e dc 79 68 66 fb
71 7d e1 e2 c8 6c 21 c7 7b d1 ea 38 38 41 a5 00 02 19 a7 fc 21 2f 8c 3a 2e b7 70 1c 4a 69 66 1e
72 7d 99 e2 98 62 a1 c0 7c 25 ea c8 2c 41 9b 00 02 17 77 f4 e1 28 8b ce 2d 07 6e dc 3e 69 67 11
73 7d 9d e2 58 63 e1 aa 7c 21 ea 48 29 c1 9b 00 02 16 e7 ef 61 2f 8b be 2c 77 73 dc 4f 69 66 1f
74 7e 71 e1 98 6c 21 a9 7b c5 e8 28 36 81 96 00 02 18 b7 ef a1 4d 8c 2e 2e 67 77 dc 6a 68 66 fe
75 7f 15 e2 28 72 21 cb 7b e5 e9 98 49 01 a5 00 02 1b 27 f6 e1 78 8c be 31 77 7d 9c 85 68 66 fb
76 7e 39 e3 98 6a e1 cb 7c 3d eb 58 44 81 9b 00 02 19 c7 f6 61 63 8c a2 30 07 7a 1c 6a 68 66 d8
77 7d 99 e3 c8 65 61 a2 7c 01 ea f8 36 c1 9b 00 02 18 17 ec 21 2f 8c 22 2d 87 72 1c 43 68 66 da
78 7e 39 e2 18 69 21 89 7b b9 ea 78 35 41 96 00 02 18 57 e4 61 2b 8c 02 2e 37 71 1c 4c 68 66 cb
79 7e 3d df d8 63 a1 83 7b a9 e9 f8 31 01 a5 00 02 17 27 df a1 2f 8b ea 2d 67 6d 9c 44 68 66 bf
7a 7e 15 e0 58 60 61 8f 7b b5 ec a8 35 81 9b 00 02 18 67 dd 21 30 8c 32 2c e7 6d 9c 4f 68 67 c0
7b 7e 8d e3 78 68 e1 ab 7c 4d f0 08 43 41 9b 00 02 1c 17 dc a1 35 8c a6 2e f7 72 dc 81 68 67 d0
7c 7e a9 e4 28 6c a1 c1 7c f5 ee c8 44 c1 96 00 02 1c f7 dd 61 37 8c 8e 2f 77 75 9c 8a 68 66 df
7d 7e 39 e0 18 65 21 a7 7c 4d ea f8 39 01 a5 00 02 1b 37 d5 61 2b 8c 1a 2c e7 71 dc 57 68 66 ef
7e 7d e5 df 58 62 21 90 7b 69 ea 28 31 c1 9b 00 02 1a 77 c9 e1 31 8c 16 2c 57 6f 9c 42 69 67 11
7f 7d e9 e2 88 67 a1 a7 7b dd ec 28 36 41 9b 00 02 1b 97 cb 61 4b 8c 8e 2e 07 73 9c 5e 69 67 21
f5 7e 65 e3 58 6e 21 d0 7d 1d ee 98 3f c1 96 00 02 1d 97 d3 a1 45 8c fa 2f 07 78 9c 76 69 66 2f
00 7e b9 e3 18 71 61 e7 7d 35 f0 e8 49 c1 cc 00 02 1e 17 d1 e1 3f 8d 32 30 17 79 1c 81 69 67 30
01 7f 69 e1 d8 77 a1 e3 7c 35 f2 48 55 41 bc 00 02 1f 07 ce e1 75 8d 76 32 97 7f dc a3 69 67 32
02 80 29 df 18 79 21 d9 7c 55 f0 98 52 41 aa 00 02 1f 37 cb 61 89 8d 8a 33 77 87 5c bd 69 67 26
03 7f 9d e0 68 73 a1 f5 7c f1 ee 68 43 81 b9 00 02 1c 87 c1 a1 46 8d 42 31 f7 7e 1c a3 69 67 37
04 7f 59 e3 88 7c a2 46 7d 11 f2 48 4d 41 c5 00 02 1e a7 c3 e1 42 8d 5a 33 57 78 dc a3 69 67 3a
05 80 8d e3 c8 8f 62 93 7d fd f8 48 69 81 c9 00 02 25 27 d0 a1 a6 8e 12 37 27 8a dc df 69 67 4b
06 82 01 e1 78 95 a2 a5 7e c5 f8 d8 71 01 db 00 02 26 67 d1 21 d1 8e a2 39 27 99 dd 12 69 67 2c
07 82 25 dd d8 8e e2 81 7e a5 f6 b8 64 01 99 00 02 23 c7 c5 61 95 8e 4a 37 e7 8e 5d 09 69 67 5d
08 80 e9 de a8 89 22 8f 7f 91 f7 68 5e 81 4d 00 02 23 b7 bd a1 7a 8e 02 35 b7 83 5c e7 69 67 4c
09 7f b5 e1 e8 87 a2 c5 80 49 f8 a8 5f 81 68 00 02 24 27 ba a1 94 8e 4e 35 47 8b 5c d8 69 67 2a
0a 80 1d dd 18 88 a2 96 7e fd f6 b8 5a 01 9d 00 02 22 87 b3 61 88 8e 06 35 47 8d 1c d6 69 67 36
0b 80 25 d4 58 7f 62 3a 7e 49 f2 38 48 c1 9b 00 02 1e 37 a2 a1 47 8c d6 31 d7 7b 1c a5 69 67 15
0c 7f d5 d5 e8 80 e2 7a 80 19 f3 58 4f c1 9b 00 02 1e 87 a1 21 5f 8d 46 31 d7 7e 5c b3 69 67 14
0d 82 15 dd 38 a3 63 17 82 39 fb d8 7c 81 a8 00 02 28 17 bd 61 dc 8f ce 3b 97 a3 dd 5c 68 67 f5
0e 82 19 dd a8 a0 a2 e1 82 15 fa 98 75 41 9d 00 02 28 67 bb 21 a9 8f 4e 3b 97 9c 9d 52 69 67 06
0f 7f 35 d8 88 7a e2 51 80 c9 f1 b8 44 c1 9b 00 02 1e e7 9a 61 14 8c aa 31 27 77 9c 99 68 67 f8
10 7f 61 d5 f8 7b 22 73 81 49 f3 18 46 c0 00 00 02 1f 57 95 61 38 8c de 30 f7 7e dc a7 69 67 08
11 80 b9 d7 88 86 22 9f 82 49 f6 b8 59 c0 00 00 02 23 87 9c 61 79 8d b6 33 f7 8b 9c f0 68 67 f8
12 81 19 d6 38 87 a2 87 81 d5 f6 78 5d 00 00 00 02 23 f7 9e e1 70 8d b2 33 77 89 5c eb 69 67 17
13 83 01 d2 38 9b 62 ba 81 fd fa a8 6d 40 00 00 02 27 97 aa a1 a7 8e e6 38 47 9a 1d 2f 69 67 06
14 83 91 d4 18 9f e2 e8 83 09 fb 98 6c 80 00 00 02 27 87 a5 e1 ba 8f 36 3a 87 9f 5d 4d 69 67 06
15 80 51 d9 58 82 62 a9 83 09 f3 78 49 80 00 00 02 1f 77 89 61 5c 8d 46 32 f7 85 dc d2 69 67 04
16 7f 71 d4 a8 79 22 7e 82 09 f0 78 41 c0 00 00 02 1d 57 84 21 37 8c ce 2f 47 81 5c a2 68 67 e5
17 82 05 d2 f8 8d e2 b5 81 fd f6 88 5d 40 00 00 02 23 77 9b 21 6f 8e 82 34 d7 96 dd 01 68 67 d2
18 82 31 dc c8 95 a2 dc 83 39 f8 a8 63 40 00 00 02 24 87 9f a1 82 8e e2 37 b7 98 9d 1f 68 67 c3
19 7f a9 de 68 84 a2 b1 83 91 f3 e8 49 40 00 00 02 1e 27 88 61 4d 8d 52 32 b7 87 1c c8 68 67 a3
1a 7e 49 d6 48 70 a2 6e 82 71 f0 78 35 c0 00 00 02 19 f7 75 61 0c 8c 46 2c 77 78 dc 6f 68 67 95
1b 80 a1 d3 e8 7e e2 83 81 f9 f4 e8 47 40 00 00 02 1d 57 7f a1 2c 8d 5a 30 57 86 dc ad 68 67 85
1c 82 f5 d5 98 93 22 b9 82 a5 f9 08 56 c0 00 00 02 20 07 87 a1 64 8e 52 36 77 95 dd 0c 68 67 67
1d 81 95 d8 58 87 e2 b6 82 ed f5 c8 4f c0 00 00 02 1e 47 7c e1 54 8d ca 33 77 8c 5c e9 68 67 78
1e 80 0d de c8 83 62 c6 82 e9 f5 e8 59 00 00 00 02 1f 67 7c 61 58 8d c6 31 a7 8d 1c ce 68 67 58
1f 80 b1 dd 88 89 62 bb 82 e9 f9 08 5f c0 00 00 02 20 c7 7c 61 3f 8d b2 32 d7 91 1c d5 68 67 5b
20 81 09 d7 68 80 e2 74 82 69 f6 68 51 80 00 00 02 1e 17 70 61 00 8d 0a 30 77 86 dc b3 68 67 59
21 80 d9 d9 b8 83 62 7f 82 55 f5 58 56 40 00 00 02 1e e7 74 61 33 8d 8a 31 77 8e 1c cf 68 67 29
22 80 91 dc a8 8a 62 a0 82 a1 f7 18 57 80 00 00 02 20 b7 7b a1 63 8e 16 33 d7 9b dc f9 68 67 27
23 7f 21 da 98 76 e2 66 82 2d f1 c8 3a 00 00 00 02 1b e7 6b e1 19 8d 4e 2f b7 8d 5c b3 67 67 e8
24 7f 49 d8 d8 75 22 63 81 dd ef 68 3b 00 00 00 02 1a 87 6b 61 1c 8d 7e 30 07 8d 1c b5 67 67 c8
25 81 01 d9 e8 8a 62 95 82 3d f5 e8 53 00 00 00 02 1e d7 79 e1 59 8e 4a 35 07 9d 9d 04 67 67 97
26 80 61 dd 88 82 22 70 82 3d f6 f8 4a 00 00 00 02 1e 57 71 21 29 8d b6 32 a7 95 5c dd 67 67 77
27 7f a9 df 98 77 e2 55 81 99 f3 08 45 40 00 00 02 1d 27 6a 21 11 8d 7a 30 b7 92 5c bf 67 67 58
28 80 91 de 38 84 a2 80 81 b1 f3 28 53 00 00 00 02 1e d7 6f e1 40 8e 16 33 c7 a1 dc fa 67 67 48
29 80 2d dc 58 80 22 58 82 09 f1 58 44 40 00 00 02 1b 57 64 61 17 8d 5e 31 97 9b 5c dc 67 67 3a
2a 7f e5 dd 78 79 a2 2b 81 e9 ef d8 3d 40 00 00 02 19 f7 5f 60 f6 8c da 2f b7 94 9c b9 67 67 3e
2b 80 8d e0 38 85 62 55 81 bd f2 e8 4f 80 00 00 02 1e 87 6b a1 21 8d 9e 32 57 9f 9c e9 67 67 3f
2c 7f d5 e1 18 82 62 5f 81 b5 f2 98 47 c0 00 00 02 1c a7 63 e1 18 8d 8a 30 a7 9d 1c de 67 68 22
2d 7f 7d de e8 77 62 38 81 a9 f0 38 38 c0 00 00 02 18 77 58 20 f0 8c a2 2e 47 93 dc bd 67 68 34
2e 80 59 dc 08 77 e2 16 81 0d f0 98 3e 80 00 00 02 1a 17 5c 60 e9 8c 42 2e d7 93 5c c6 67 68 25
2f 7f ad dc a8 74 62 04 80 b5 ee 98 38 80 00 00 02 19 d7 58 60 dc 8c 4e 2d 07 92 1c ad 67 68 37
30 7e b5 df 98 72 a2 19 81 91 ee b8 2f c0 00 00 02 18 47 56 20 e1 8c 92 2c 97 94 1c 9e 67 68 37
31 7f 65 df 88 79 22 28 81 e1 f2 e8 3a 80 00 00 02 19 b7 5d e0 f9 8c aa 2e 77 96 1c b7 67 68 48
32 7f 95 dd 48 73 a1 fd 80 cd ef f8 39 c0 00 00 02 18 c7 58 a0 e0 8c 12 2c c7 90 dc a6 67 68 55
33 7e f5 dc 88 69 61 e6 80 39 eb 08 2b 80 00 00 02 16 97 4f 20 b9 8b b2 2a 97 91 9c 89 67 68 66
34 7e dd dd 38 6a 61 ff 80 c5 ed f8 27 00 00 00 02 16 d7 51 a0 bb 8b f6 2b 77 95 dc 8e 67 68 66
35 7e 9d dc 88 67 21 dc 80 a1 ed a8 1c 40 00 00 02 15 27 4c a0 b2 8b 66 29 e7 8b dc 76 67 68 a4
36 7e 75 dc 68 60 e1 af 80 09 e8 98 12 c0 00 00 02 12 f7 44 e0 a8 8a e6 27 f7 89 dc 62 67 68 b4
37 7f 59 de c8 6b 21 ec 80 89 ec f8 28 80 00 00 02 15 d7 51 20 cc 8b de 2b a7 9b 5c 99 67 68 c2
38 7f b1 df c8 70 a1 fc 81 1d f2 a8 39 00 00 00 02 18 77 58 20 c6 8b 96 2d 37 96 1c ab 67 68 c0
39 7e f1 de a8 65 e1 b6 80 89 ef 58 2d 40 00 00 02 17 47 4f a0 96 8a 36 2a 37 85 dc 7d 67 67 df
3a 7e ad de 28 62 a1 ab 7f e1 ec c8 25 00 00 00 02 15 b7 4c 20 9b 8a da 29 a7 90 9c 73 67 67 bd
3b 7e d5 de c8 65 a1 c8 80 05 ee c8 28 40 00 00 02 15 57 4f 60 b3 8b ba 2a b7 9b 9c 7f 67 67 ac
3c 7e b9 de c8 60 a1 b2 80 51 ee 28 26 80 00 00 02 16 97 4e 20 a0 8a f2 29 57 94 1c 77 67 67 9a
3d 7e 29 dc b8 55 21 7d 7f d9 e9 a8 15 c0 00 00 02 14 67 41 a0 7e 8a 5a 26 a7 8d 9c 56 67 67 89
3e 7d fd dc 98 53 a1 70 7f 7d ea 98 14 c0 00 00 02 11 57 40 20 94 8a ee 27 57 95 5c 52 67 67 87
3f 7e 95 df 28 5c 61 8c 7f f1 ef a8 2b 80 00 00 02 14 f7 53 e0 c7 8b c2 2a 17 a1 1c 80 67 67 58
40 7e 79 de 48 57 e1 76 7f e1 ec f8 27 c1 c6 00 02 16 d7 56 20 b3 8b 92 28 17 9d dc 7b 67 67 68
41 7d d1 db c8 4e 21 4a 7f 39 e9 98 1a 41 bc 00 02 13 b7 48 e0 8d 8a b6 25 37 94 5c 4d 67 67 48
42 7e 59 de 48 59 21 6c 7f 61 ef 28 2e c1 a8 00 02 15 87 51 60 b3 8a f6 28 37 9a 9c 71 67 67 39
43 7e b9 df 98 5c 61 7c 7f 7d ef c8 2f c1 b2 00 02 17 57 55 a0 b0 8b 56 29 17 9e 5c 8c 67 67 29
44 7d fd dd 28 4d a1 44 7e ad e9 48 13 c1 bb 00 02 13 37 49 20 76 8a 92 25 97 96 dc 5e 67 67 3b
45 7e 19 de 68 52 61 49 7e 75 eb 88 1d 41 c6 00 02 13 a7 4d e0 94 8a 7e 27 27 9b 5c 69 67 67 3c
46 7e b1 e0 c8 5f a1 6e 7e c9 f1 18 33 01 da 00 02 17 27 57 60 cb 8b 2e 2a 67 a4 9c 96 67 67 3e
47 7e 0d de e8 56 e1 46 7e 41 ed 08 22 81 91 00 02 14 e7 4d 60 99 8a c2 27 e7 9d 1c 6f 67 67 3e
48 7d 69 de 38 4e 61 1f 7d d5 e8 88 11 41 53 00 02 12 47 46 a0 62 8a 16 25 07 94 5c 40 67 67 3e
49 7d d5 e1 48 56 61 33 7e 35 eb c8 1c 01 68 00 02 13 b7 4c e0 81 8a 32 26 27 99 5c 59 67 67 5d
4a 7e 3d e2 28 58 61 38 7e 21 ef 08 29 c1 9c 00 02 15 57 50 a0 9f 8a 56 27 67 9f 1c 77 67 67 5d
4b 7e 29 e1 78 54 e1 28 7d 81 ed 98 2b 81 9b 00 02 16 67 50 60 97 8a 22 27 a7 9e 1c 7c 67 67 6d
4c 7e 21 e2 18 58 21 25 7d 45 ec 48 29 01 95 00 02 16 c7 51 20 8f 8a 0a 27 c7 9e 5c 7e 67 67 5c
4d 7d a5 e0 c8 4e a1 00 7c f1 ea 58 1b 01 a5 00 02 12 87 47 e0 72 89 7e 25 27 98 1c 55 67 67 6c
4e 7d 01 df 48 41 20 d5 7c 85 e7 c8 0d 01 9c 00 02 0e a7 3d a0 50 88 c6 22 87 90 9c 2a 67 67 69
4f 7d 7d e2 28 4c e0 f5 7c c9 ea b8 1e 41 9b 00 02 12 07 48 20 6a 89 2a 24 e7 98 dc 54 67 67 69
50 7e 01 e4 88 58 61 0d 7c fd ed e8 2c 81 95 00 02 14 d7 50 e0 83 89 96 26 a7 9e dc 75 67 67 68
51 7d 61 e2 58 4a e0 dc 7c 65 ea 48 15 c1 a5 00 02 10 57 41 e0 63 88 f6 23 e7 96 5c 4e 67 67 79
52 7d 21 e2 18 47 a0 ce 7b f5 e7 a8 0b c1 9c 00 02 0e 07 3b a0 59 88 be 23 c7 95 dc 4d 67 67 78
53 7d cd e4 c8 53 e0 f0 7b f5 e9 c8 1d 81 9b 00 02 11 67 49 a0 74 89 32 26 b7 9d dc 7a 67 67 8b
54 7d 85 e3 88 4a e0 ce 7b 71 e8 68 10 c1 95 00 02 10 47 46 20 5a 88 ba 24 f7 98 dc 61 67 67 8c
55 7c e5 e1 78 40 a0 a6 7b 3d e6 a7 fe 41 a5 00 02 0d 27 39 a0 32 88 0a 22 77 94 1c 3b 67 67 8f
56 7d 41 e3 78 4a e0 c0 7b 99 e9 28 0d c1 9c 00 02 0f 77 40 20 40 88 42 24 67 9a 1c 53 67 68 a0
57 7d 85 e5 18 50 60 c5 7b 71 ea 18 18 01 9b 00 02 10 e7 47 60 50 88 6e 25 77 9c 1c 5e 67 68 b0
58 7d 51 e4 c8 4b a0 ac 7b 25 ea 68 16 41 95 00 02 10 27 46 e0 4f 88 4a 24 77 9a dc 54 67 68 c3
59 7d 55 e5 48 4b e0 b9 7b 65 ec f8 1f 41 a5 00 02 11 f7 4a 20 55 88 4e 24 b7 9d 5c 5c 67 68 d4
5a 7d 4d e6 08 4e 20 c5 7b 71 ed 08 23 41 9c 00 02 12 c7 4b e0 4f 88 32 24 d7 9e 1c 5e 67 68 e7
5b 7d 0d e6 28 4c 20 ab 7b 19 eb 28 1e 41 9b 00 02 10 a7 48 a0 41 87 f6 24 07 9c dc 51 67 68 f9
5c 7c e1 e6 48 49 60 99 7b 09 ea a8 1c 41 95 00 02 0f 47 43 e0 3d 87 c2 23 d7 9c 9c 49 67 68 fb
5d 7c ad e6 78 47 20 96 7a e5 e9 98 13 c1 a5 00 02 0d c7 3c 20 31 87 66 23 27 99 5c 3e 68 68 0c
5e 7c ad e6 b8 44 a0 90 7a 81 e8 c8 0b c1 9c 00 02 0c 57 39 a0 11 87 0a 22 07 95 5c 32 68 68 0d
5f 7d 35 e8 58 47 20 a8 7a c5 ea 88 17 c1 9b 00 02 0e 57 44 60 20 87 62 23 37 9a 1c 45 68 68 2e
60 7d 55 e9 98 4b e0 b9 7b 21 ec c8 1f c1 95 00 02 0f a7 48 a0 3e 87 86 24 77 9c 1c 4d 68 69 20
61 7c e1 e8 a8 49 e0 a4 7a a9 ed 58 19 01 a5 00 02 0e 67 41 a0 21 86 f6 23 27 96 9c 30 68 69 40
62 7c d9 e8 68 47 60 a0 7a 4d ec 88 1a 41 9c 00 02 0f 67 43 20 0b 86 f6 22 e7 97 5c 2e 68 69 40
63 7d 25 e9 d8 49 20 af 7a 69 ea 98 1e 41 9b 00 02 10 c7 48 e0 28 87 4a 24 17 9d 5c 48 68 69 52
64 7c f9 e9 68 46 e0 9a 7a 01 e8 c8 16 01 95 00 02 0e f7 45 20 2b 86 ee 22 e7 9c 1c 42 68 69 71
65 7c 59 e6 c8 3c e0 76 79 5d e7 88 09 41 a5 00 02 0c 97 3a 9f f6 86 32 20 87 8f dc 1d 68 69 64
66 7c 95 e8 38 3e 60 8d 79 cd e9 78 10 c1 9c 00 02 0e 47 3d 5f f5 86 52 21 e7 8d dc 2d 68 69 84
67 7d 5d eb 08 49 20 b2 7a 71 ec d8 21 01 9b 00 02 10 97 47 20 17 86 c6 23 e7 97 dc 53 68 69 96
68 7d 71 ea 68 4b 60 ad 7a 3d ed 18 1e 41 95 00 02 0e b7 45 a0 0f 86 ca 23 47 9b 1c 46 68 69 a7
69 7d 25 ea 48 47 a0 a6 79 e9 eb 18 10 41 a5 00 02 0b a7 3e 1f fe 86 aa 22 e7 94 9c 34 68 69 c8
6a 7d 35 eb 48 47 60 b7 79 f5 ea 18 0d 01 9c 00 02 0b c7 3c 9f fd 86 b6 23 c7 91 1c 48 68 69 e8
6b 7d 85 ea f8 4d a0 ca 7a 25 ea 08 14 c1 9b 00 02 0d 87 41 60 13 87 32 25 37 9a 1c 5e 68 69 f9
6c 7d 81 e9 e8 4f 20 ba 79 cd e8 a8 14 01 95 00 02 0c b7 3f e0 13 87 36 25 97 9d dc 55 69 69 3d
6d 7d 41 e9 d8 4a 20 a4 78 f9 e6 18 0b c1 a5 00 02 0a 87 37 df e3 86 9a 24 27 91 5c 3f 69 69 6f
6e 7d 05 e9 98 48 60 a0 78 b1 e4 48 08 81 9c 00 02 0a 17 34 1f c8 86 76 22 a7 85 5c 25 69 69 9f
6f 7d 49 ea 18 4d a0 b4 79 7d e8 98 18 81 9b 00 02 0d 27 3d df f7 87 36 24 47 8e dc 39 69 6a c1
70 7d bd ea c8 51 60 c3 7a 01 ec f8 23 41 95 00 02 0f b7 44 e0 12 87 b2 26 47 99 1c 5d 69 6a f1
71 7d 91 e9 d8 4d e0 b7 79 85 e8 38 0b 81 a5 00 02 0c 57 3a 9f ea 87 5a 24 e7 8f 1c 40 6a 6a 34
72 7d 71 ea 48 50 a0 d6 79 4d e5 07 fe c1 9c 00 02 0a 07 35 9f da 87 66 25 07 88 1c 31 6a 6a 84
73 7e 21 ed 08 61 a1 32 79 d9 ea 58 19 c1 9b 00 02 0e 47 40 df f9 88 36 29 67 92 dc 74 6a 6a c7
74 7e 71 ee b8 6b 21 62 7a 19 eb 28 27 41 95 00 02 10 17 46 5f ff 88 96 2b a7 97 9c 93 6b 6a 18
75 7d bd ed 68 5f e1 46 79 b5 e6 08 0d 01 a5 00 02 0a 87 39 1f cc 87 ee 28 e7 88 1c 56 6b 6a 6c
76 7d d9 ed 28 5f a1 5c 79 d9 e7 a8 03 81 9c 00 02 08 b7 33 9f ba 87 c6 28 e7 80 dc 42 6b 6a df
77 7e e5 f0 18 74 e1 ab 7a 75 eb 78 19 c1 9b 00 02 0d f7 41 9f f4 88 aa 2d 07 8d 5c 79 6c 6b 42
78 7e c5 f0 98 78 61 b6 7a 61 e8 f8 1f 01 95 00 02 0f 77 45 e0 03 88 e2 2d c7 90 5c 86 6c 6b 97
79 7e 6d ed b8 6e 61 98 7a 29 e7 08 13 81 a5 00 02 0c c7 3d 5f e1 88 9a 2c 27 88 9c 72 6d 6b 1b
7a 7e e1 ed 38 70 a1 99 7a 71 e8 58 14 81 9c 00 02 0c f7 3e 1f ea 88 d2 2c 47 87 1c 7b 6d 6b 7f
7b 7e e9 f0 18 75 61 ab 7a f1 ea 68 1c c1 9b 00 02 0e b7 46 60 04 89 2a 2d 57 89 5c 8e 6d 6c f1
7c 7e a9 ef c8 75 61 b3 7b 29 ec 38 1c 41 95 00 02 0d f7 45 e0 07 89 42 2d c7 87 5c 8f 6e 6c 44
7d 7f 3d ed 68 79 e1 be 7b 31 ee c8 21 41 a5 00 02 0f 47 47 a0 1d 89 b2 2e f7 8a 9c a0 6e 6c b6
7e 7f 79 ed 18 79 e1 bd 7b 4d ef c8 26 c1 9c 00 02 11 67 4c a0 23 8a 0e 2f 57 8d 5c ac 6f 6c 0a
7f 7e fd ed 48 73 61 a7 7b 7d eb d8 1f 01 9b 00 02 0f f7 49 60 07 89 ca 2e 17 88 1c 9e 6f 6c 6d
f5 7f 55 ed f8 79 a1 ba 7b 65 e9 b8 24 01 95 00 02 11 47 4a e0 1a 8a 22 2f 47 88 1c b1 6f 6d c0
00 7f 85 ed c8 7e 61 c6 7b 1d eb c8 2c 81 c8 00 02 13 87 49 e0 31 8a ba 30 77 89 1c b8 70 6d 15
01 7e bd ea 98 71 a1 90 7b 41 eb 58 21 01 ba 00 02 10 77 36 60 0f 8a 42 2d c7 7f dc 83 70 6d 78
02 7e 6d e9 08 69 a1 6e 7b 61 ea 48 1b 41 a9 00 02 0e 87 29 5f e9 89 96 2b 57 79 1c 6d 70 6d ac
03 7e dd eb 08 71 e1 92 7b 49 ee c8 27 c1 b5 00 02 12 57 2f df f2 89 fe 2c c7 7d 1c 92 70 6d dd
04 7f 61 eb c8 7b a1 ae 7b 8d f2 d8 32 c1 c0 00 02 15 47 38 e0 29 8a fe 2f b7 87 dc b8 70 6d fc
05 7f cd eb 28 7f a1 a9 7b e5 f0 d8 38 81 c7 00 02 15 87 3f 20 5d 8b aa 31 b7 90 9c cb 71 6d 0d
06 7f c1 ec 78 7e a1 b0 7b cd ed f8 3a 01 db 00 02 16 77 40 20 59 8b ca 31 f7 8e 5c d1 70 6e f0
07 7f 91 ed 68 7d a1 bd 7b e9 ed f8 36 81 91 00 02 16 c7 3c 20 53 8b e6 32 27 8c 5c d4 70 6e f4
08 7f b9 eb 08 7d 61 ad 7c 41 ed 38 2d 01 53 00 02 13 77 3a e0 57 8c 32 32 07 8e 5c cb 70 6e e7
09 7f b9 ea 28 7d e1 a0 7c 29 ec 48 28 01 6b 00 02 11 57 3e 20 4b 8c 5e 31 77 8c 9c c1 70 6e fb
0a 7f 79 ec 38 7e 61 ac 7c 19 ee 68 2e 01 9c 00 02 13 c7 40 a0 4c 8c 5e 31 67 8b 5c c9 70 6e ec
0b 7f d5 ec 58 82 a1 b7 7c 8d f1 d8 35 81 9b 00 02 15 67 41 a0 58 8c ae 32 87 91 1c df 70 6f e1
0c 80 51 ea 68 86 61 ae 7c b1 f3 18 32 81 97 00 02 13 37 3f a0 46 8c da 32 d7 8e 9c e0 70 6f f3
0d 7f f1 ea b8 84 21 aa 7c 65 f0 f8 29 c1 a5 00 02 12 77 3b a0 35 8c d2 31 f7 87 5c d5 70 6f f8
0e 7f cd ec 48 86 e1 b8 7c 81 ef e8 2e 81 9c 00 02 14 c7 3e 60 5b 8d d6 33 67 91 1c ee 71 6f 1d
0f 80 a5 ec c8 92 e1 d7 7d 29 f3 48 40 c1 9b 00 02 16 67 46 a0 7b 8f b2 36 c7 9f 9d 1a 71 70 22
10 81 41 ed f8 9c e2 03 7d c5 f6 18 4d 80 00 00 02 17 27 4d 20 80 90 d2 38 e7 a1 1d 2d 71 70 47
11 81 05 ed f8 9b 61 ee 7d 9d f4 b8 46 c0 00 00 02 17 b7 4c e0 90 91 0a 38 e7 9f 1d 28 71 70 5c
12 80 e5 ec a8 98 21 af 7c e5 f2 d8 3d 80 00 00 02 16 f7 49 60 88 90 e6 39 07 a3 1d 32 71 71 62
13 80 c1 ed 28 99 61 c7 7c d9 f2 18 38 00 00 00 02 14 d7 44 e0 46 90 76 38 c7 9e dd 29 71 71 89
14 80 89 ef 78 9e 62 30 7d b1 f1 88 2d 40 00 00 02 13 c7 40 20 2b 90 6a 38 77 93 5d 05 71 72 b2
15 80 f1 f0 38 a7 22 71 7e 0d f2 58 2c c0 00 00 02 14 47 3f 20 59 90 de 39 d7 94 1d 03 71 72 d8
16 81 7d f0 48 af e2 96 7d a1 f4 58 3f 00 00 00 02 14 97 41 a0 5f 91 16 3b 77 9e 1d 1b 71 73 f0
17 81 99 f2 48 b5 a2 de 7d a9 f5 b8 45 40 00 00 02 15 07 41 60 35 90 ba 3c 27 9b dd 20 72 73 25
18 81 35 f4 28 b3 23 0f 7e 3d f3 08 31 40 00 00 02 15 27 3a a0 1b 90 02 3a 97 89 dd 03 72 73 2d
19 81 19 f4 58 b3 63 2f 7e 59 ef 48 2f 80 00 00 02 15 17 39 20 1f 8f de 39 e7 85 5c f1 72 74 54
1a 81 89 f5 38 bc e3 6d 7e 19 f1 18 44 80 00 00 02 16 87 43 60 36 90 36 3c c7 91 9d 08 72 74 3c
1b 81 69 f5 b8 bb a3 87 7e 39 f3 e8 3c c0 00 00 02 17 17 46 20 29 8f ce 3c 57 8e 1c fe 72 75 11
1c 81 19 f3 d8 b2 a3 73 7e 89 f4 38 26 80 00 00 02 14 87 3c e0 03 8f 4e 38 a7 82 dc d8 71 74 df
1d 81 5d f3 f8 b5 23 8f 7e d1 f5 78 33 00 00 00 02 13 a7 38 20 05 8f b6 39 67 86 dc e3 71 74 7c
1e 81 41 f7 58 ba e3 d4 7e c9 f5 18 4c c0 00 00 02 17 97 3a e0 0c 8f 9e 3c 27 87 1d 00 71 74 15
1f 80 f1 f8 38 b7 63 e4 7e a9 f1 d8 49 c0 00 00 02 19 87 3d df fd 8e 9a 3a 77 7b 1c ed 70 74 b0
20 81 55 f5 b8 b4 23 b9 7e e9 f0 b8 34 40 00 00 02 16 27 3f a0 0d 8e 7e 38 57 7c 5c d3 70 73 49
21 81 6d f3 18 b3 e3 8a 7f 39 f2 78 24 00 00 00 02 13 37 3b 20 29 8f 6e 39 07 87 1c d6 6f 73 e1
22 80 e5 f3 68 af a3 7d 7f 39 f4 08 23 00 00 00 02 14 67 38 20 20 8f e2 39 47 88 dc de 6e 72 d3
23 81 15 f6 38 b2 23 a8 7f 89 f5 58 31 80 00 00 02 16 97 41 a0 13 8f c6 39 57 88 1c f0 6e 71 3f
24 81 71 f8 08 b9 63 d6 80 51 f4 88 31 00 00 00 02 16 17 45 60 24 8f c2 39 b7 86 9c f3 6d 71 69
25 81 31 f8 48 b9 63 e3 80 c5 f2 78 24 c0 00 00 02 14 d7 3c e0 42 8f 32 37 f7 80 dc d9 6c 71 a1
26 81 2d f7 e8 b7 a3 d8 80 71 f1 08 27 40 00 00 02 14 07 38 e0 4d 8e 12 35 f7 7d 5c dd 6b 70 e5
27 81 95 f5 a8 bb a3 b5 7f e1 ef 78 2a 80 00 00 02 13 37 3b 20 54 8e 56 37 27 82 1c f7 6b 6f 46
28 81 61 f4 b8 ba e3 86 80 15 f0 78 2b 40 00 00 02 13 37 3d e0 66 8f 9a 39 07 88 5c f5 6a 6e 88
29 80 85 f5 58 b1 23 63 80 a5 f3 68 2b 00 00 00 02 13 e7 3e 60 62 8f 9a 37 e7 85 dc d8 69 6d fc
2a 80 01 f2 28 a9 23 3c 80 9d f3 08 15 00 00 00 02 11 67 37 a0 3a 8e 76 35 57 7b 1c b0 69 6d 71
2b 7f c1 ee 88 a0 e3 16 80 6d ee f7 fc 00 00 00 02 0c c7 2b e0 31 8d 82 31 e7 6f dc 93 68 6c e9
2c 80 45 f1 58 a3 63 3a 80 e5 f0 f8 17 80 00 00 02 0f a7 36 a0 8f 8d ee 32 27 7a 9c c7 68 6c 83
2d 81 49 f4 68 b2 e3 6d 81 c5 f7 e8 38 c0 00 00 02 16 e7 4d e0 ee 8f 0a 36 c7 8f dd 0c 68 6b 1e
2e 80 81 f1 28 a9 23 18 82 19 f5 a8 1a 40 00 00 02 13 47 45 60 c4 8e b6 35 57 88 1c ce 67 6b c8
2f 7e fd ee 78 90 a2 a0 81 f9 ef 27 fe 00 00 00 02 0c 37 32 a0 87 8e 16 30 17 79 5c 8c 67 6b 83
30 7f 91 f0 98 95 22 9d 82 75 f3 b8 17 c0 00 00 02 10 b7 41 20 b4 8f 1a 32 67 8a 9c c9 67 6a 3f
31 80 1d ee a8 97 22 79 83 05 f9 68 1f 80 00 00 02 14 67 4d 60 b5 8f 5e 33 77 92 1c d3 66 6a f9
32 7e fd e9 38 80 21 f3 82 89 f3 98 04 80 00 00 02 0d 27 3d e0 74 8e 6a 2d d7 7e 1c 85 66 6a b3
33 7f 05 ea 98 7f a1 d0 82 75 f1 98 10 80 00 00 02 0d d7 42 60 a7 8f 36 2e e7 83 5c 9d 66 69 7e
34 80 11 ed 48 8e a1 e8 83 41 f6 b8 2a c0 00 00 02 15 f7 51 e0 f1 90 86 34 47 99 1c f2 66 69 4b
35 7f 6d e9 98 7f a1 91 83 19 f4 38 16 c0 00 00 02 11 e7 43 60 ba 8f fa 30 a7 91 9c cf 66 69 37
36 7f 21 e9 98 79 61 5c 82 d9 f1 48 14 00 00 00 02 0d e7 43 20 b4 8f e6 2f 17 8d dc bc 66 69 07
37 7f e9 ec 58 85 21 66 83 89 f5 98 28 80 00 00 02 13 b7 58 a0 e8 90 a6 33 17 9a 1c f5 66 69 16
38 7f 51 e9 28 76 61 2d 84 09 f8 58 1c 40 00 00 02 14 07 53 a0 b8 90 6e 30 77 94 9c db 66 69 16
39 7e ad e7 28 67 20 ff 84 1d f8 08 17 00 00 00 02 10 77 49 e0 9a 90 76 2d 17 90 dc b1 66 69 58
3a 7f 85 e9 a8 70 a1 09 84 41 f9 d8 28 40 00 00 02 12 a7 56 20 e1 91 0e 2f 87 9c 1c db 66 69 66
3b 7f 69 e8 78 6b e0 e0 84 5d fc 78 19 c0 00 00 02 11 c7 50 60 e2 90 b2 2e c7 99 9c e0 66 69 97
3c 7d f1 e4 f8 55 e0 99 84 25 fb 08 03 40 00 00 02 0d a7 3e 20 91 8f ea 29 87 8c dc 9a 66 69 c7
3d 7e 1d e5 b8 57 20 8f 84 15 f9 08 17 c0 00 00 02 11 07 4a a0 a6 90 2e 29 77 91 1c 99 66 69 d9
3e 7e f9 e5 e8 5c e0 85 84 41 f9 a8 28 40 00 00 02 14 57 57 20 db 90 52 2b 77 95 9c bb 66 69 fa
3f 7e 7d e3 78 52 a0 66 84 65 f8 38 18 00 00 00 02 10 a7 49 a0 b8 8f aa 29 97 8e dc a2 67 69 0c
40 7e 59 e4 38 51 20 73 84 ad f7 28 18 01 cb 00 02 0e d7 45 20 b0 8f 7a 29 07 90 dc 9c 67 69 1d
41 7f 35 e7 38 5a 60 94 84 e1 fb 98 2b c1 b7 00 02 11 b7 4f a0 e6 8f f2 2b 97 99 dc c4 67 69 0f
42 7f b5 e7 b8 5e a0 9a 84 cd fe b8 2f c1 ac 00 02 13 77 54 60 eb 90 36 2c d7 9c 9c dd 67 6a 11
43 7f 8d e6 68 5d 60 8d 84 e5 fc 38 26 81 b8 00 02 12 f7 55 e0 c2 8f da 2b 87 97 5c d0 67 69 cf
44 7f 45 e5 f8 58 a0 79 85 25 fc 38 20 c1 be 00 02 11 d7 52 e0 b4 8f 3a 29 f7 92 5c b5 67 67 f3
45 7f 05 e6 48 53 e0 66 85 05 ff 68 1f 81 c7 00 02 10 b7 4a a0 af 8e e2 28 e7 91 5c a8 65 68 74
46 7e ed e6 78 53 60 63 85 02 00 38 24 41 dd 00 02 0f f7 48 e0 9d 8e be 28 07 90 9c ac 66 69 3c
47 7e fd e5 f8 50 a0 65 85 61 fe d8 22 c1 94 00 02 10 17 49 a0 a5 8e 92 27 f7 8f 9c ad 66 69 4d
48 7f 19 e6 48 4d 20 63 85 51 fc f8 19 c1 53 00 02 10 e7 46 60 bd 8e 8e 29 07 93 9c b3 66 69 8e
49 7f 59 e7 38 53 e0 6c 85 1d fe 88 27 01 73 00 02 12 a7 4c 20 bb 8e c2 2a 97 99 9c c7 66 6a 60
4a 7f 15 e5 98 53 20 53 84 f9 fe e8 32 01 9c 00 02 12 07 51 60 9e 8e 32 28 d7 92 dc b0 66 6a 64
4b 7e 85 e4 18 48 60 2a 84 c5 fc 68 20 c1 9f 00 02 0d e7 46 a0 9e 8d 56 25 97 8b dc 86 66 6a 65
4c 7e d9 e6 98 4c 20 37 84 d1 fd f8 1f 81 9a 00 02 0d 47 42 a0 cb 8d 52 26 f7 91 1c 9d 66 6a 45
4d 7f e5 e9 f8 5a a0 63 85 19 ff 48 34 c1 a8 00 02 13 17 53 20 e4 8d be 2a d7 97 9c d4 66 69 1c
4e 80 e1 eb f8 66 20 7b 85 45 fc 28 3e 81 9c 00 02 17 d7 5f e0 ee 8d e2 2d 17 9a 9c f7 65 68 fc
4f 81 99 ee 28 72 60 91 85 75 fc 58 48 41 9f 00 02 19 27 60 e1 19 8d ce 2f 57 a1 5d 20 65 68 c1
50 81 f1 f0 a8 7c a0 ad 85 be 01 a8 56 81 9a 00 02 1a 17 65 e1 3f 8e 2e 31 d7 aa dd 4d 65 68 b3
51 81 b5 f0 38 77 20 a3 85 96 02 08 4d 41 a8 00 02 18 a7 65 e1 2b 8e b2 31 b7 ac 9d 47 65 69 93
52 81 21 ed 78 69 20 6f 85 0d fc c8 39 81 9c 00 02 15 77 58 61 06 8e 9a 2f 77 a7 dd 21 65 6a 97
53 80 a1 ec 18 60 60 3a 85 2d fe c8 34 81 9f 00 02 13 07 52 e0 f4 8e 0a 2c 97 a3 9d 05 65 6b 81
54 80 cd ed 38 60 60 38 85 ce 06 38 3f c1 9a 00 02 14 17 5c a1 00 8e 32 2c 57 a9 5d 17 65 6b 80
55 81 71 ee d8 67 20 53 85 a2 03 c8 4c c1 a8 00 02 17 f7 63 a1 25 8e fe 2f 57 b4 5d 59 65 6a 7e
56 82 19 f0 c8 73 20 6d 85 79 fe 28 54 81 9c 00 02 1a b7 6a e1 5c 8f 8e 32 a7 bc 5d aa 65 6a 7d
57 82 a5 f2 88 7b 20 83 86 3a 04 b8 5c 41 9f 00 02 1c 77 7b e1 7b 8f ee 34 17 c1 9d cd 65 6a 6f
58 83 11 f2 f8 7f 20 98 86 9a 0e 78 6d 81 9a 00 02 22 07 8a a1 81 90 4a 35 67 c4 dd cd 65 6a 4f
59 82 d5 f1 c8 7b e0 85 85 da 0a 08 6a c1 a8 00 02 21 87 7c 61 81 8f e6 34 77 bd 5d c0 65 6b 3e
5a 82 0d ef d8 6e a0 4c 85 4a 01 28 4a 01 9c 00 02 16 f7 5e e1 54 8e aa 30 07 b0 9d 94 65 6c 15
5b 81 e1 f0 08 68 a0 47 85 d2 06 38 46 41 9f 00 02 18 a7 66 a1 15 8e 2e 2e 97 b0 9d 77 65 6b 0f
5c 82 45 f1 f8 6d e0 6f 86 4e 0d 58 5b 81 9a 00 02 20 c7 76 61 20 8e b6 30 47 b8 9d 8e 65 6a 1e
5d 82 71 f2 f8 73 20 7a 86 0a 09 a8 57 c1 a8 00 02 1b 87 64 e1 4f 8e f6 31 47 be 1d af 65 6a 21
5e 81 d5 f1 a8 6a a0 57 85 76 04 a8 41 01 9c 00 02 15 67 5b e1 25 8e 3a 2f 57 b8 5d 8e 65 69 3f
5f 81 e5 f2 58 6a a0 5e 85 a6 06 98 47 41 9f 00 02 1a d7 71 e1 09 8e 36 2f 37 b9 1d 87 65 6a 42
60 83 29 f6 28 7e e0 a4 86 62 08 c8 62 41 9a 00 02 1f 07 7d e1 5c 8f 66 33 97 cc 1d e3 65 6a 65
61 82 a9 f4 b8 7a e0 94 86 52 08 08 52 81 a8 00 02 1a 87 71 61 5b 8e ee 32 97 c6 dd d5 65 6a 65
62 81 0d f0 48 61 20 55 85 fe 06 d8 33 41 9c 00 02 18 47 6b 61 18 8d 6a 2d 27 b1 dd 6d 65 6a 76
63 81 ad f2 28 67 20 86 86 b6 05 f8 45 c1 9f 00 02 1a e7 72 a1 59 8e 02 2e f7 bf dd a4 65 6a 86
64 82 a5 f4 b8 75 60 b1 87 4a 07 08 5a 01 9a 00 02 1a 57 72 61 99 8e b6 32 17 ce 9d f7 65 6a 69
65 81 6d f0 b8 61 20 61 86 8e 06 78 40 81 a8 00 02 16 57 63 21 48 8d 4a 2d 47 b7 9d 9c 65 6a 88
66 80 e9 ef 88 5b a0 58 86 2a 06 18 44 41 9c 00 02 19 07 62 a1 22 8c de 2b f7 b3 dd 79 65 6a 77
67 82 19 f3 a8 73 60 ac 86 ae 09 28 6a 01 9f 00 02 1f 57 77 a1 6f 8e 52 31 e7 cd 1d e4 65 6a 85
68 82 41 f4 48 75 e0 a8 86 b2 09 c8 60 81 9a 00 02 1c 87 79 21 95 8e aa 33 87 d2 1d fe 65 6a 94
69 81 81 f2 38 67 e0 82 86 72 05 e8 42 41 a8 00 02 18 07 6c e1 6e 8d fe 30 e7 c7 dd ca 65 6a a4
6a 80 f5 f1 08 5f e0 7f 86 26 00 a8 37 41 9c 00 02 17 e7 6a e1 3f 8d 86 2e 77 c0 1d a6 65 6a b5
6b 81 81 f3 58 69 e0 aa 86 3e 03 d8 4c 01 9f 00 02 19 37 77 61 68 8e 0e 30 47 c6 dd cb 65 6a e7
6c 82 91 f7 18 7b a0 e9 86 fa 0a b8 6b c1 9a 00 02 1b f7 84 e1 b1 8f 02 34 77 d4 de 1a 65 6a f0
6d 81 ed f4 c8 6f 60 bc 86 a6 04 b8 53 81 a8 00 02 19 a7 75 e1 80 8e 2a 31 37 c7 5d f0 66 69 2d
6e 80 e1 f1 d8 5d 60 8c 85 e1 ff e8 31 c1 9c 00 02 14 d7 67 a1 36 8d 2a 2c 37 b7 1d a1 66 69 2f
6f 81 99 f5 38 6a e0 c4 86 82 09 98 55 c1 9f 00 02 19 27 7b a1 66 8e 16 30 17 c6 dd db 66 6a 13
70 82 41 f6 b8 75 e0 d5 87 16 0c 68 77 c1 9a 00 02 20 17 8c 21 95 8e 9a 34 17 d1 1e 17 66 6a 34
71 81 89 f3 a8 69 60 ac 86 76 02 58 58 81 a8 00 02 1b e7 7b a1 7c 8d d6 31 07 c3 dd e4 66 6a 25
72 81 a5 f5 18 6c 20 df 86 52 02 d8 50 01 9c 00 02 19 17 77 e1 93 8e 4a 31 57 c8 9d ee 66 6a 37
73 81 d5 f5 f8 6e 60 f9 86 62 07 88 5e 41 9f 00 02 1b f7 7e 21 8c 8e 66 32 57 cc 5e 01 66 6a 24
74 80 c9 f2 58 5b a0 b9 86 1a 04 98 4a 81 9a 00 02 17 77 6e e1 30 8c c2 2c b7 b7 9d ac 66 6a 10
75 80 fd f4 88 60 60 f3 86 f2 07 78 4e c1 a8 00 02 15 e7 74 21 3a 8c f6 2c a7 b8 1d ad 66 69 4d
76 82 11 f8 78 71 21 49 87 82 09 98 66 41 9c 00 02 1a 57 83 21 80 8e 92 31 f7 cb 1e 05 66 6a 66
77 81 e9 f6 e8 6d 21 32 86 de 06 58 64 c1 9f 00 02 1b 37 80 21 63 8e 9e 31 27 c8 5e 02 66 6b 61
78 81 ad f6 28 68 a1 2c 87 16 09 58 66 81 9a 00 02 1c a7 82 e1 46 8e 36 2f 27 c3 5d e6 66 6b 59
79 81 f5 f7 38 69 a1 46 87 d2 0a f8 69 c1 a8 00 02 1d 87 87 61 5e 8e 4e 30 07 c8 5d f5 66 6b 56
7a 81 21 f4 f8 5d 21 17 87 46 03 78 4e c1 9c 00 02 17 07 78 a1 2f 8d 7e 2c 87 ba 9d c6 66 6a 4b
7b 80 65 f3 c8 53 60 f4 86 d6 01 98 43 c1 9f 00 02 14 97 73 a1 09 8c ee 29 d7 af 5d 9f 66 69 7f
7c 81 81 f7 e8 63 e1 44 87 d2 08 88 66 81 9a 00 02 1d 87 8c 61 5e 8e 3a 2f c7 c5 9d fa 66 69 7a
7d 82 05 f9 38 6a a1 64 88 4a 06 c8 6c 81 a8 00 02 1e 87 8c 61 81 8e aa 32 47 ce 1e 29 66 69 8b
7e 81 21 f6 c8 59 21 29 87 8a 01 18 53 41 9c 00 02 16 37 73 a1 31 8d 86 2d e7 bb dd ed 66 68 8d
7f 80 ed f7 98 52 a1 2b 87 76 04 38 56 41 9f 00 02 17 57 76 a1 23 8d 62 2d 67 bb 5d e1 66 67 b0
f5 81 ad fa f8 5f 21 73 88 4a 09 c8 6d 81 9a 00 02 1d b7 8d e1 77 8e 5e 31 67 c8 de 1a 66 66 ba
00 81 c5 fb 48 5f 21 86 88 ea 0a 98 6f 41 cb 00 02 1d 17 8f 61 8d 8e 66 31 f7 c1 de 21 66 67 a4
01 80 ad f7 88 45 a1 3c 88 9e 03 78 4e 81 b7 00 02 16 e7 75 21 36 8d 26 2d 97 ad 5d d3 66 67 be
02 80 51 f6 98 3d 21 2c 88 15 ff 88 41 41 ac 00 02 14 47 69 21 28 8d 12 2d 37 b1 dd be 66 68 e5
03 81 39 f9 f8 50 a1 73 88 5a 07 c8 5b c1 b9 00 02 16 27 78 21 7b 8e 4e 32 17 c3 de 06 67 68 05
04 81 b1 fb c8 5a 61 8d 88 ce 0d a8 6d 41 b4 00 02 19 d7 88 21 85 8e 96 33 c7 c2 de 15 67 68 08
05 81 15 f9 98 4e e1 60 88 9a 05 68 5a c1 c4 00 02 19 b7 80 21 37 8d ba 30 57 b6 1d c9 67 68 5d
06 81 51 f9 f8 52 61 74 88 a6 00 88 53 41 d9 00 02 15 57 75 61 3f 8e 16 31 47 bb 5d d1 67 69 54
07 82 a1 fe 88 6a 21 cc 89 16 08 78 71 c1 91 00 02 17 87 86 a1 90 8f 92 38 07 cc de 35 67 69 8b
08 82 b9 fe e8 6e e1 ce 88 a2 09 08 7e 01 53 00 02 1d 67 94 a1 7c 8f aa 39 87 cb 1e 3a 67 6a ca
09 82 41 fd 08 69 61 ad 88 52 05 28 6f 41 72 00 02 1f 67 8b e1 45 8f 2e 37 67 c2 9e 13 67 6b a9
0a 83 05 ff 28 74 a1 db 89 1a 0b f8 79 c1 9c 00 02 22 17 91 21 6c 8f f2 3a 77 cb 9e 45 67 6b c4
0b 83 45 ff 68 76 61 ee 88 fa 0c 88 7d 41 9f 00 02 22 97 9c 61 6f 90 46 3c 17 cd 1e 4f 67 6a be
0c 82 55 fd 08 68 21 c0 88 7e 04 b8 64 81 98 00 02 1d a7 8e 61 3e 8f 5e 38 87 be 9e 10 67 6a a8
0d 82 4d fe 48 69 a1 c9 88 e2 04 28 64 01 a8 00 02 1c 27 82 61 5b 8f 62 38 f7 c1 5e 23 67 6a b0
0e 82 da 00 18 72 21 ee 88 d6 06 88 7d 01 9c 00 02 22 27 90 e1 7a 90 22 3c 67 cc 1e 58 67 69 d8
0f 82 69 ff 48 6b 21 e0 88 62 05 08 7b c1 9f 00 02 24 c7 97 61 53 8f f6 3b 47 c5 5e 42 67 69 c6
10 81 dd ff 38 60 e1 d2 88 aa 05 d8 65 40 00 00 02 21 27 8b 21 59 8f 82 39 07 c1 5e 3e 67 69 b3
11 82 01 ff 78 5f e1 e8 89 5a 07 28 5a c0 00 00 02 1f 57 8a 21 84 8f 96 39 27 c9 9e 69 67 68 bf
12 82 2d ff 58 61 61 f5 89 e2 04 b8 5b c0 00 00 02 21 77 94 a1 82 8f c6 39 67 cb de 7e 67 68 a7
13 82 66 00 b8 64 62 06 8a 72 04 d8 69 c0 00 00 02 24 67 9c 21 a2 90 3a 3a a7 ce 9e a5 67 67 ae
14 82 d6 02 68 6a 22 32 8b 06 08 88 7d 00 00 00 02 25 87 9f a1 f0 90 ce 3d 47 d8 9e e7 67 67 ab
15 82 86 00 e8 64 a2 27 8b 6a 06 e8 6d 80 00 00 02 21 b7 95 21 d9 90 4e 3c 97 d2 de d0 67 67 cd
16 81 75 fe 38 55 61 eb 8b 5d fe c8 45 40 00 00 02 1b 57 85 21 7b 8f 62 38 97 be 5e 71 67 67 ee
17 81 d6 00 88 5f e2 19 8b ea 01 98 54 c0 00 00 02 1f 17 93 21 9e 90 6e 3a 57 c4 1e 8e 67 67 ee
18 83 02 02 f8 74 22 4b 8c ca 0a 58 7f 40 00 00 02 25 47 a4 e1 fb 91 e2 3f 77 da 9e f2 68 67 0f
19 82 9a 00 f8 6e a2 16 8c b2 07 c8 75 80 00 00 02 22 b7 9d a1 e6 91 5a 3e 37 d6 5e e5 68 67 1f
1a 81 d2 00 d8 67 62 22 8c 7e 03 98 68 40 00 00 02 22 47 9c e1 b3 90 96 3a e7 c8 9e b6 68 68 22
1b 81 da 02 d8 6b 22 67 8c 9e 02 48 71 80 00 00 02 22 97 9e 21 af 90 72 3a a7 c6 de b4 68 68 23
1c 81 9e 02 d8 67 a2 63 8c 6d fe 28 64 c0 00 00 02 1d 67 8d e1 a8 8f d2 39 a7 c3 1e a4 68 68 05
1d 81 3e 02 f8 64 22 64 8c 91 ff 18 5a 40 00 00 02 1b 67 86 a1 93 8f 2a 38 57 bd 1e 92 68 68 16
1e 81 7a 04 b8 69 22 a1 8d 66 06 28 6f c0 00 00 02 1e 27 90 a1 85 8f 22 39 67 c0 5e a4 68 68 0b
1f 81 4a 04 38 63 62 9c 8d a2 06 28 74 c0 00 00 02 1d 57 93 e1 73 8e da 38 67 be 5e 8f 67 69 f0
20 80 ba 03 18 5c 22 6e 8d 6e 03 38 65 c0 00 00 02 1d 47 92 61 65 8e 6a 35 a7 b4 de 67 67 69 e5
21 80 b6 03 c8 5f 62 66 8d a2 02 88 62 40 00 00 02 1e e7 8f e1 60 8e 5a 35 97 b4 de 70 67 69 e6
22 81 02 05 38 62 a2 76 8d c6 00 d8 68 00 00 00 02 1e 47 8b e1 64 8e 92 37 87 bd de 8c 67 69 d4
23 80 ca 05 08 60 a2 7b 8d 92 01 78 69 80 00 00 02 1e 27 8f a1 65 8e 86 37 97 be 1e 87 67 69 f3
24 80 6e 04 a8 60 62 7c 8d 82 05 b8 6e 00 00 00 02 1e 47 98 21 75 8e 7e 36 e7 bc 5e 82 67 69 e2
25 81 02 07 c8 6b 22 b0 8e 1e 07 a8 85 80 00 00 02 22 07 a4 21 ab 8f 52 3a 07 ca 9e b5 67 69 c1
26 81 32 07 e8 6c 62 ba 8e 6a 04 88 88 00 00 00 02 25 97 a7 61 a2 8f 5a 3a d7 cd 1e b5 67 68 dd
27 80 3e 04 18 5c e2 88 8d f2 03 28 6d 80 00 00 02 1f d7 98 e1 68 8e 26 36 47 bc 1e 71 67 68 b5
28 7f 82 03 38 50 e2 76 8d 9d ff b8 59 80 00 00 02 17 d7 86 61 5b 8d 9e 33 47 b2 5e 52 67 67 b7
29 7f ae 04 78 4e 22 79 8d 95 f8 18 51 80 00 00 02 19 e7 85 a1 54 8d da 32 e7 b4 9e 5b 67 67 b0
2a 80 8a 05 c8 56 e2 94 8e 11 fd c8 62 00 00 00 02 21 97 99 21 5f 8e 7a 34 c7 c0 5e 82 67 66 be
2b 80 ba 05 d8 59 e2 b1 8e b2 09 08 6f c0 00 00 02 20 07 9e a1 86 8e ca 36 17 c5 9e 95 67 66 dc
2c 80 32 05 48 51 62 b0 8e f6 06 78 6d 40 00 00 02 1d 87 9b 61 8e 8e 86 35 07 bd 9e 7f 67 66 e9
2d 7f 66 03 08 44 a2 82 8e a9 fd 98 60 c0 00 00 02 1e 87 98 e1 60 8d ba 31 67 b2 5e 45 68 66 0a
2e 7e de 00 a8 3e e2 73 8e 6d fc b8 59 40 00 00 02 1c d7 93 61 53 8d 5e 2e d7 b1 9e 2a 68 66 09
2f 7f 9e 02 d8 4e 62 c1 8f 5a 02 78 6d c0 00 00 02 1f b7 9f a1 9b 8e 7a 32 27 c0 de 72 68 66 29
30 80 fe 07 d8 67 a3 21 90 be 06 68 88 40 00 00 02 23 87 af 21 fb 90 1a 39 07 d9 1e e7 68 66 3a
31 81 7a 09 f8 71 e3 3d 91 0e 04 98 82 00 00 00 02 20 07 aa 22 05 90 8a 3b e7 e1 5f 12 68 66 5b
32 82 2a 0c c8 7c 63 6d 91 7a 07 f8 8e 00 00 00 02 25 c7 ba e1 fd 90 d6 3e 07 e2 9f 25 68 66 4f
33 83 56 11 08 90 23 ca 92 86 0f a8 b6 00 00 00 02 32 87 d9 62 3e 91 da 42 d7 ef 9f 61 68 67 53
34 82 a2 0e 18 87 e3 a4 92 1e 0b a8 a0 c0 00 00 02 2a a7 c4 62 3e 91 3e 40 87 ec 9f 3f 68 67 47
35 81 8e 0a 28 77 23 59 91 32 07 b8 86 00 00 00 02 21 47 b1 a2 0a 90 3e 3b b7 e0 9e f9 68 67 5a
36 81 d2 0c 38 7d 23 7b 91 7e 0b 68 9f 80 00 00 02 27 e7 c0 62 11 90 a6 3d 07 e3 1e fc 68 67 3d
37 81 92 0b f8 7f 23 9e 91 82 08 08 98 40 00 00 02 25 87 b2 22 05 90 7a 3d 07 e2 5e eb 68 68 22
38 81 66 0a 58 82 63 ab 90 aa 04 98 88 00 00 00 02 22 a7 af 61 ce 90 66 3d 57 e2 9e d6 68 68 10
39 82 b2 0d 88 98 23 e6 90 e6 0b 98 a6 80 00 00 02 2c 37 ce a1 e4 91 d6 43 67 f5 5f 1d 68 67 0a
3a 83 3e 0f 78 a0 e4 02 91 ae 0f c8 ae 40 00 00 02 2b 07 c1 a2 02 92 42 46 37 fd 5f 4d 67 67 f2
3b 82 86 0e 08 9b a3 fc 91 6e 0e 28 9a 40 00 00 02 25 87 ab a1 cd 91 5a 44 27 f1 5f 1d 67 67 e3
3c 82 ae 0e 18 a4 a4 1b 90 ae 0c 08 a2 80 00 00 02 2d 87 c9 61 b4 91 9a 45 97 f3 1f 0f 67 67 c4
3d 83 4a 0e 98 ad 64 29 90 3a 05 78 a7 c0 00 00 02 2f 77 d0 e1 e4 92 92 48 18 02 1f 2f 67 67 d8
3e 83 7e 0e 98 ad e4 33 90 ce 07 98 a9 c0 00 00 02 29 d7 b9 22 21 93 4e 49 c8 0e df 52 67 67 d9
3f 83 6a 0e 98 ad 64 42 91 56 10 e8 ae 40 00 00 02 2c 07 c1 22 14 93 4e 4a 48 12 9f 4f 67 67 ca
40 82 d6 0c 88 a5 24 11 90 62 0b f8 95 01 c2 00 02 2a 87 c3 61 d7 92 72 46 f8 0d 1f 16 67 67 eb
41 82 a2 0b c8 a5 a4 02 8f c6 05 08 8d 01 ac 00 02 28 57 ba e1 f1 92 ba 46 b8 12 5f 0f 67 67 fe
42 82 e6 0d b8 ab e4 31 90 a6 09 d8 a0 c1 aa 00 02 2d 57 c1 22 04 93 36 49 48 19 1f 24 68 68 01
43 83 22 0e c8 ad a4 4d 91 32 0f f8 ad 41 b4 00 02 2e 07 c0 e1 da 92 da 49 48 1d 1f 20 68 67 0d
44 83 8e 0e c8 b7 64 5c 90 c2 10 18 b7 c1 af 00 02 2e 97 c3 e1 e1 93 0e 4a 38 27 9f 32 67 67 fd
45 83 1e 0c 18 af 24 3a 8f ce 07 48 a1 81 bd 00 02 2e f7 c5 a1 d7 92 a2 48 58 20 5f 12 68 67 0e
46 82 46 09 18 9a 23 ff 8e d6 00 88 7c 01 cd 00 02 27 97 b1 a1 9a 91 9e 43 e8 18 de d6 68 68 00
47 83 6e 0c e8 b0 24 46 8f c6 0c a8 a1 81 88 00 02 29 37 b9 61 d2 93 0e 48 d8 3a 5f 31 67 67 ea
48 84 26 0f 38 c0 e4 74 90 c6 11 a8 b7 c1 4f 00 02 2e 37 cb e2 01 93 ee 4c c8 49 9f 6e 67 67 f8
49 82 76 09 f8 a0 64 04 8f 1d ff 38 77 c1 69 00 02 27 17 b3 61 91 91 ba 44 88 2b 9e f0 67 67 d7
4a 83 02 0c 28 a5 64 31 8f 12 00 a8 85 c1 9c 00 02 2a b7 bb a1 9f 91 fa 45 78 3b 5f 06 67 67 c6
4b 85 06 12 88 c9 e4 c6 91 0a 14 08 cd 81 9c 00 02 38 97 eb 62 15 94 52 4f 08 61 df 93 67 67 c7
4c 83 9e 0c 98 b2 a4 71 8f e6 0c b8 a7 c1 89 00 02 33 07 da e1 d7 93 32 49 c8 4a 1f 40 67 67 a7
4d 82 52 07 a8 98 24 26 8e 4a 00 78 7c 01 a5 00 02 29 37 b5 a1 97 91 ba 42 d8 38 9e e5 67 67 87
4e 84 4e 0f 18 b9 64 cc 90 0e 0d 78 b8 01 9c 00 02 32 b7 d5 21 fa 93 be 4b 18 5f 9f 62 67 67 75
4f 84 d6 11 38 c9 65 16 90 fe 14 28 cc c1 9c 00 02 36 47 eb a2 16 94 ce 4f 08 69 5f 8a 67 66 7d
50 82 5a 08 d8 a4 e4 87 8f 12 03 e8 85 81 89 00 02 27 f7 bb 21 95 92 4a 44 f8 41 1e eb 67 67 70
51 82 06 08 b8 9e 64 87 8e aa 02 e8 80 81 a5 00 02 27 57 ad a1 72 91 76 42 b8 3e 1e ce 67 67 92
52 83 ee 0f 98 b9 e5 13 90 26 12 78 bb 81 9c 00 02 35 37 db a1 c4 93 46 49 68 57 df 3e 67 67 84
53 84 72 0f d8 b9 25 29 90 ae 11 68 b8 c1 9c 00 02 34 77 e3 a1 e2 93 72 49 b8 55 9f 55 67 67 a8
54 84 06 0d c8 ae 65 1a 90 62 09 c8 a3 41 89 00 02 2d f7 d1 e1 c2 92 3e 47 e8 50 9f 39 67 67 bb
55 83 ba 0e 98 b5 65 42 90 02 0a b8 b2 01 a5 00 02 32 57 da 21 ab 91 f2 48 68 56 1f 2d 67 67 bc
56 83 ee 0f 98 bc 65 68 8f de 0c 88 bf 01 9c 00 02 35 b7 e3 61 d8 92 62 48 a8 59 1f 34 67 67 b5
57 84 92 10 68 bf e5 99 90 7e 0f a8 c2 01 9c 00 02 34 f7 e3 62 25 92 66 4a b8 5d df 5f 67 66 ce
58 84 72 0f 78 c0 a5 b3 91 26 12 98 bf 41 89 00 02 35 37 e4 a2 21 91 82 4c 18 5a 9f 61 67 66 c9
59 83 aa 0d 08 b3 65 8c 90 7e 0c d8 aa 41 a5 00 02 31 57 d9 61 d8 90 5e 48 38 4e 1f 1e 67 66 be
5a 83 ea 0f 18 ae e5 b4 8f ca 0c 28 ac 81 9c 00 02 30 17 d4 61 d3 90 62 47 18 51 9f 19 68 67 03
5b 84 96 11 a8 b8 26 13 90 02 13 e8 c5 41 9c 00 02 35 47 de a1 e8 90 7a 49 d8 53 9f 38 68 67 17
5c 84 d6 10 58 bb 66 29 90 5a 15 58 ce 41 89 00 02 38 07 e6 21 d0 90 0a 4a e8 47 1f 35 67 67 d5
5d 84 ea 0f c8 b6 a6 32 90 26 10 d8 ca c1 a5 00 02 36 97 e7 61 bf 90 16 4a a8 42 9f 25 67 67 a9
5e 84 06 0e d8 ab 26 28 8f 26 0a 78 b3 01 9c 00 02 31 07 d6 e1 a5 8f 8a 47 58 39 9e f3 67 67 cd
5f 83 da 0e b8 b0 26 29 8f 12 0c b8 b2 01 9c 00 02 2f e7 cd a1 a9 8f 1e 46 58 31 de ef 67 67 eb
60 84 96 10 08 b8 a6 4c 8f 9e 12 98 c4 81 89 00 02 35 27 db a1 bc 8f 3a 48 18 31 1f 04 67 67 bc
61 83 ce 0d 58 a9 a6 38 8e 92 0c e8 ad c1 a5 00 02 33 27 d9 a1 90 8e 7e 44 a8 21 9e b7 67 68 d0
62 83 ca 0d 18 af 66 4d 8e 6a 0c 68 b1 41 9c 00 02 30 d7 d6 21 bb 8e ca 45 a8 23 5e c5 67 67 af
63 85 2e 10 28 c2 a6 98 8f 8e 13 38 d2 81 9c 00 02 35 47 e1 62 12 8f fe 4b a8 34 9f 2c 67 68 92
64 84 86 0c 98 ae e6 66 8e b6 0c c8 b2 c1 89 00 02 32 e7 d8 61 d1 8f 06 47 78 21 9e ea 67 68 86
65 83 56 08 c8 9e 66 2e 8d be 08 88 92 41 a5 00 02 2d 37 c7 21 8f 8d de 41 d8 0b 9e 96 67 68 a6
66 84 12 0b 58 ad a6 6e 8e 96 10 68 b3 81 9c 00 02 31 17 cf e1 ba 8e 86 45 28 16 5e c3 67 68 a7
67 84 e6 0c e8 b1 e6 8c 8e aa 0f 38 c5 41 9c 00 02 35 77 df 21 cf 8e e2 47 48 21 5e e3 67 68 f5
68 85 8e 0e 28 ba 66 9e 8e a2 10 e8 ce c1 89 00 02 37 27 ed a1 e3 8f 46 48 88 2d 1f 10 67 68 d2
69 85 ba 0e c8 c5 66 ba 8e f6 18 e8 d7 41 a5 00 02 37 a7 f0 21 da 8f 66 49 98 34 5f 1d 67 68 d1
6a 84 02 08 e8 a3 e6 58 8d 46 0c 28 a0 c1 9c 00 02 2f 67 d2 61 62 8d 82 42 18 1d 9e 86 67 68 e0
6b 83 6a 07 a8 95 e6 3b 8c 82 04 78 92 01 9c 00 02 2d 57 cd a1 54 8d 16 3f 68 17 1e 4f 67 67 de
6c 85 3a 0e c8 bc 26 c9 8e 92 14 58 d7 c1 89 00 02 37 87 ef 21 e4 8f 52 48 98 35 9e eb 67 67 db
6d 84 e6 0c 18 b1 26 a8 8e 52 0f 88 c6 41 a5 00 02 31 b7 df a1 da 8e ca 46 c8 35 de ee 67 67 d8
6e 83 2e 05 a8 8b a6 26 8c 5a 00 68 83 81 9c 00 02 29 97 cb 21 54 8c d2 3d f8 20 de 69 67 67 f6
6f 84 42 0c 58 a9 a6 94 8d c6 10 a8 b4 c1 9c 00 02 39 57 f5 21 7b 8e 42 43 c8 2e de 9e 68 67 05
70 85 66 10 48 bb 26 e6 8f 66 1c 48 dd 81 89 00 02 38 37 f0 e1 ea 8f 4a 48 88 3d 9e f4 68 67 07
71 83 8a 06 f8 8e 66 4c 8d 66 08 18 95 c1 a5 00 02 21 e7 b9 61 97 8d 06 3e 38 2a de 85 68 67 0b
72 82 e2 06 18 91 e6 42 8c 9a 04 e8 89 41 9c 00 02 2b 57 d4 a1 3e 8c ce 3c 68 2a 1e 4c 68 67 18
73 85 86 10 b8 c3 26 f9 8e e2 19 68 db 01 9c 00 02 42 08 12 21 b8 8f 82 49 48 49 5e e9 68 67 06
74 86 a2 11 08 b9 e6 f9 8f 02 17 e8 e3 c1 89 00 02 39 88 00 61 fb 8f 8a 4a d8 4b 9f 27 68 67 09
75 84 c2 0a 38 9d 66 8f 8d 36 0a 38 ae 41 a5 00 02 2c b7 dd a1 95 8d c2 42 78 34 de b2 67 67 ee
76 84 86 0a c8 a7 a6 aa 8d 66 0d 88 ae 81 9c 00 02 32 a7 e8 61 7b 8d fa 42 68 34 1e a2 67 68 c5
77 86 12 0c 98 a7 e6 c5 8d e2 11 58 bd 81 9c 00 02 34 77 ed 61 a4 8e 6a 44 98 39 1e e2 67 68 d7
78 86 52 0b a8 9d e6 b2 8d 52 0c 08 b7 01 89 00 02 31 97 e8 61 a8 8e 2e 44 28 39 9e e8 67 68 c9
79 85 d6 0c 88 b5 e6 e2 8d 8e 0d d8 c6 c1 a5 00 02 35 67 f3 61 c9 8e c2 47 68 43 de fd 67 68 ca
7a 85 42 0c 58 c1 26 ea 8d b6 11 68 c7 01 9c 00 02 34 67 f1 a1 bb 8e c2 47 48 41 de e4 67 68 b9
7b 84 0a 08 28 99 26 82 8c c6 0c 08 92 c1 9c 00 02 28 77 d3 21 46 8d 12 3e b8 2a de 4e 67 68 ba
7c 84 2e 07 f8 8e 26 7e 8c c6 0d c8 98 c1 89 00 02 27 77 d5 61 44 8d 16 3d 78 2d 5e 37 67 68 88
7d 85 ca 0d a8 ba 67 00 8d b6 17 f8 e1 81 a5 00 02 37 d8 02 a1 bb 8f 0e 46 58 48 9e ce 67 68 88
7e 85 26 0c f8 bb e6 f8 8d 06 14 78 d0 c1 9c 00 02 37 47 fc 21 a2 8e 7e 46 18 41 de b8 67 68 89
7f 84 62 09 e8 a3 a6 bb 8c 02 0a b8 a4 c1 9c 00 02 2b f7 de a1 72 8d 6e 41 c8 34 5e 66 67 68 8a
f5 86 32 0c 68 b3 e6 fd 8c ca 0c 38 bf 01 89 00 02 31 67 f3 a1 d1 8e e6 45 e8 43 9e c7 67 68 79
00 86 d6 0c 28 ba a7 17 8d 76 0f a8 c6 c1 c1 00 02 34 a7 fc 61 f9 8f ce 47 b8 45 1e f1 67 68 74
01 85 e2 08 b8 ab 66 f8 8d 06 10 38 bc 41 ac 00 02 2f 37 eb 61 cf 8f ae 45 38 38 de b0 67 68 41
02 86 56 0a 88 bb 67 3f 8c ca 17 18 dd 01 ab 00 02 36 38 01 a1 f9 90 d2 48 a8 42 1e cc 67 68 50
03 86 f6 0a f8 c4 e7 66 8c c6 1b a8 e5 81 ae 00 02 3c 58 15 22 35 91 5e 4b c8 47 1e f0 67 67 3f
04 85 96 03 48 9d 66 eb 8b e6 0f 78 a6 c1 b1 00 02 2e 97 ec 21 f7 8f 86 44 f8 29 de 86 67 68 41
05 85 3e 01 68 8f e6 d4 8b 8e 08 38 8f 41 c0 00 02 29 97 de e1 d9 8e d6 41 a8 1c 1e 5c 67 68 11
06 86 3e 06 18 ac 27 42 8c 12 12 48 b3 81 d9 00 02 32 d7 fe 62 0c 8f ee 45 38 29 1e 9d 67 68 14
07 86 ba 07 d8 b6 a7 79 8c 42 19 48 d3 81 89 00 02 35 e8 08 a2 2e 90 ce 47 18 34 1e be 67 68 02
08 86 fe 06 f8 ad 27 75 8c 3e 15 18 d6 c1 4e 00 02 35 98 08 22 2c 90 f2 47 38 32 de c1 67 68 04
09 85 ea 02 68 9d 67 26 8b 62 0b 28 a9 41 6a 00 02 30 07 fa 61 e1 8f 76 42 a8 1b 5e 6f 67 68 24
0a 85 22 01 18 99 e7 01 8a c6 0a 48 91 41 a0 00 02 2a 77 e9 21 b7 8e d2 3f f8 10 9e 32 67 68 26
0b 87 3a 07 78 b3 a7 7e 8c 06 17 68 c9 41 9c 00 02 33 d8 03 22 1a 90 de 48 d8 2c 5e ad 67 68 47
0c 88 aa 09 68 c7 67 c0 8c a6 1d a8 f5 01 87 00 02 3e d8 22 e2 57 92 0e 4f e8 3f 1f 16 67 68 47
0d 86 d2 03 c8 af e7 4f 8b 16 14 08 c9 01 a4 00 02 35 28 06 62 02 90 52 48 88 28 5e 9e 67 68 7b
0e 86 02 03 98 9b e7 2b 8a 52 0d 68 a2 01 a0 00 02 29 77 e9 61 d0 8f 72 42 58 1a 5e 39 67 68 6c
0f 87 12 07 08 a7 a7 63 8a d6 0d a8 ad c1 9c 00 02 2e 37 fc a1 e8 90 02 45 48 1e 1e 63 67 68 8d
10 87 d2 08 78 bf 27 84 8b 5e 11 78 c4 40 00 00 02 36 d8 13 a2 11 90 7a 49 88 21 1e a9 67 68 7c
11 87 f6 08 08 c1 27 83 8b 46 15 b8 ce c0 00 00 02 36 48 10 a2 16 90 92 4a 28 22 9e b8 67 68 9e
12 86 3e 02 28 98 27 20 89 96 0d e8 a9 c0 00 00 02 2b 87 f0 e1 9e 8f 12 42 88 11 de 39 67 68 69
13 85 8a 00 c8 8b a7 03 89 16 0a 68 9f 40 00 00 02 2a 67 eb a1 7c 8e a6 3f d8 0d 1e 11 67 68 69
14 87 b6 08 08 b8 67 87 8b 1a 16 f8 dc 80 00 00 02 36 48 13 22 0a 90 be 48 88 26 de ae 67 68 85
15 88 5a 08 98 c5 27 97 8b ca 19 98 ec 00 00 00 02 38 08 1f 62 17 91 1e 4a 08 2b de ce 67 68 81
16 86 7a 00 d8 9d e6 ff 8a 2a 0e 48 ae c0 00 00 02 2d 27 fd a1 88 8e ea 40 a8 0d 5e 3a 67 67 9e
17 85 c1 ff 48 90 26 c9 89 82 0b 38 95 00 00 00 02 28 57 ee 61 67 8e 0e 3e 38 00 de 0f 67 67 9c
18 86 de 04 58 ab 27 16 8a 56 10 b8 b8 c0 00 00 02 2e 68 03 e1 c1 8f 6a 44 78 16 5e 68 67 67 9a
19 87 82 06 88 bc e7 41 8a c6 13 68 d0 80 00 00 02 33 78 12 21 ee 90 72 47 98 25 1e 9c 67 67 6c
1a 87 06 04 b8 af e7 1c 8a 7e 10 78 bd 00 00 00 02 31 38 0b e1 b5 8f ee 44 f8 1a de 86 67 68 50
1b 86 3a 02 08 98 26 da 8a 06 0c 88 a1 80 00 00 02 2b 17 ff 61 75 8e ba 40 b8 0b de 50 67 68 60
1c 86 a6 03 28 a1 a6 ed 8a 16 0f a8 b4 80 00 00 02 2b 78 03 21 b4 8f 62 42 68 15 de 68 67 68 73
1d 87 62 05 48 b9 a7 1b 8a 42 12 e8 cf 40 00 00 02 2f e8 0e e2 01 90 76 46 b8 22 1e 9d 67 68 33
1e 87 12 04 38 b6 e7 00 8a 3e 0f f8 c0 80 00 00 02 2d 68 09 61 cd 8f ca 45 e8 1d 1e 85 67 68 25
1f 86 d6 03 68 ae 66 eb 8a 86 0f c8 b5 40 00 00 02 2a e8 03 21 8a 8f 52 43 68 19 9e 72 67 68 56
20 86 da 03 f8 b0 66 fb 8a 82 12 68 bc 80 00 00 02 2d d8 07 a1 81 8f 96 42 18 16 1e 6b 67 68 68
21 86 6e 02 28 aa a6 dc 89 e6 0f 08 b5 00 00 00 02 2b 77 fe e1 66 8f 2a 40 d8 0d 1e 45 67 68 16
22 86 22 00 88 a6 66 ba 89 ba 0f 48 b2 c0 00 00 02 27 17 f6 21 51 8e e6 41 38 0d 9e 3a 67 68 46
23 87 16 03 f8 b9 a6 f8 8a 82 18 38 c9 40 00 00 02 2d 98 0a e1 94 8f ee 45 18 1e 1e 80 67 68 65
24 88 6e 06 d8 cc 27 2e 8b 02 19 98 da 80 00 00 02 35 98 21 e1 ec 90 c2 48 18 2a 5e d4 67 68 23
25 87 92 02 d8 b8 66 e5 8a 0e 0f 08 c4 80 00 00 02 2f 58 13 a1 bf 8f de 44 08 1e de a2 67 68 43
26 85 a9 fe 88 9f 26 8b 89 0e 09 98 a4 40 00 00 02 26 67 fc 21 52 8e 86 3e 78 0a de 1e 67 68 30
27 86 92 01 f8 b4 66 c5 8a 0a 11 88 b8 80 00 00 02 2c d8 0b 61 7c 8f 1a 41 88 13 9e 49 67 68 40
28 87 f6 04 a8 c4 66 fa 8a ea 14 08 d1 40 00 00 02 32 78 1b a1 bd 90 16 45 08 25 1e ab 67 67 3e
29 86 da 01 38 aa a6 b5 8a 42 0e 38 b5 80 00 00 02 29 98 07 61 83 8f 32 40 88 18 1e 5d 67 68 31
2a 86 25 ff a8 9e 26 97 89 d2 0f 58 a1 40 00 00 02 24 27 f6 a1 6e 8e 4e 3d d8 08 5e 1d 67 68 70
2b 87 16 02 08 b1 e6 c5 89 fe 12 38 b5 00 00 00 02 29 f8 03 e1 9c 8e fa 41 88 12 9e 6d 67 68 60
2c 87 ba 04 d8 c3 66 e9 8a 2a 10 58 ce 40 00 00 02 31 68 1c 21 a4 8f fe 45 28 23 5e a0 67 68 81
2d 87 da 06 08 c6 27 02 8a 96 13 58 db 40 00 00 02 34 78 25 e1 a2 90 56 46 e8 25 de 8e 67 68 81
2e 87 b6 03 c8 bd a6 ec 8a b6 16 d8 cb c0 00 00 02 30 78 17 61 a0 8f a2 44 d8 19 5e 74 67 67 9f
2f 87 6e 01 c8 b7 66 b8 8a 56 12 18 b5 80 00 00 02 2b e8 0a a1 8e 8f 1a 42 68 11 1e 6b 67 67 8f
30 87 3a 03 58 b9 e6 b8 8a 22 11 48 bb 00 00 00 02 2d 98 11 a1 80 8f 86 43 48 14 5e 69 67 68 80
31 86 f2 03 c8 b5 e6 c2 89 ea 14 c8 c2 40 00 00 02 2e 58 14 61 6b 8f a6 43 98 17 9e 58 67 68 b0
32 87 26 02 68 b3 66 ab 89 ae 0f d8 bf 40 00 00 02 2c 58 0f 61 74 8f 66 43 e8 1a 1e 5a 67 68 84
33 87 ce 02 a8 b8 66 9a 89 e6 0a 98 c1 c0 00 00 02 2c 68 0f e1 ad 8f 56 44 d8 18 5e 79 67 68 76
34 87 9e 02 a8 b5 26 94 8a 2a 10 38 c0 40 00 00 02 2d 08 12 21 a0 8f 06 42 68 0e 5e 6d 67 68 a6
35 86 f6 01 b8 ae a6 88 89 de 13 f8 ba 80 00 00 02 2e 08 13 e1 63 8e 8e 3e f8 08 de 37 67 68 87
36 87 02 01 f8 b0 26 7b 89 42 0e 18 be 40 00 00 02 2e 88 14 e1 73 8e 96 3f 58 0b 5e 2a 67 68 85
37 87 72 03 58 b1 e6 81 89 7a 10 58 c7 c0 00 00 02 2d 38 11 e1 9b 8e d6 41 78 0d 9e 46 67 68 94
38 87 6e 03 f8 ac 66 82 8a 02 17 68 c7 40 00 00 02 2b 68 09 21 8f 8e ba 41 b8 0e 5e 45 67 68 b5
39 87 5a 03 c8 ac 66 7b 89 a2 12 e8 c2 c0 00 00 02 2c b8 0c 21 8a 8e ba 41 38 11 de 3c 67 68 e5
3a 88 06 04 a8 b8 e6 9c 89 7a 0e 78 cd 40 00 00 02 32 a8 22 61 b9 8f 7e 43 68 17 de 71 67 68 f8
3b 87 d2 02 c8 af e6 80 89 56 0e 08 bd c0 00 00 02 2c 98 12 a1 a7 8e ee 42 28 0c de 66 68 68 06
3c 86 bd ff 68 97 26 29 88 b2 0d 68 a2 00 00 00 02 22 27 f2 a1 52 8d 6e 3d a7 fe 5e 13 68 68 08
3d 86 d6 00 f8 9a e6 3b 88 ce 12 48 b4 c0 00 00 02 2b 98 0a a1 40 8d ca 3e b8 05 9e 1c 68 68 17
3e 86 ca 01 58 9e a6 47 88 c6 12 e8 b3 80 00 00 02 30 b8 17 e1 3c 8e 26 3f 08 02 de 26 67 68 f4
3f 86 4d fe d8 94 66 17 88 36 0c 68 9b 80 00 00 02 26 d8 00 e1 27 8d 9e 3c b7 f9 de 0d 67 68 d8
40 87 7a 02 68 a5 a6 59 88 d6 11 28 c5 c1 c1 00 02 2b 18 12 e1 71 8e d6 42 18 11 9e 64 67 68 c8
41 88 82 06 68 b9 66 9c 89 ea 18 c8 e9 81 ad 00 02 34 68 2a 61 c4 8f e2 47 08 20 de aa 67 68 ba
42 87 2e 02 48 a4 e6 3a 89 4e 10 98 b4 81 ae 00 02 2c 08 11 21 88 8e 16 40 68 02 9e 45 67 68 ac
43 86 61 fe e8 94 26 03 88 6a 0a f8 9b 01 ae 00 02 27 e8 09 a1 6b 8d 02 3c 67 f5 de 0b 67 68 8d
44 87 aa 02 38 a9 e6 46 88 e2 12 e8 c8 c1 b2 00 02 30 88 1e 21 e6 8e 36 41 68 0c de 64 67 68 7e
45 88 12 03 88 b6 26 45 89 32 15 c8 d0 81 c1 00 02 30 18 19 62 1e 8e 6a 42 a8 12 de 8d 67 68 7f
46 87 32 02 38 a9 e6 22 88 d6 0f 68 b4 01 db 00 02 2b a8 14 61 e4 8d be 40 68 09 5e 65 67 68 8f
47 87 02 02 a8 a4 e6 31 88 b2 0b f8 b1 41 92 00 02 2c e8 1b e1 c2 8d ca 40 98 09 9e 56 67 69 51
48 87 8e 03 d8 ab 26 3c 89 12 0e d8 b9 c1 4f 00 02 2d 98 18 61 cb 8e 12 41 28 0e 5e 67 67 68 7f
49 87 da 04 38 ad a6 2c 89 52 11 48 ba 81 6f 00 02 2c f8 18 21 d2 8e 06 41 48 0c 1e 7d 67 68 7f
4a 87 fe 04 48 b3 a6 3b 89 32 13 48 c2 41 a0 00 02 2f 58 23 21 d9 8e 2a 43 b8 0a de 9d 67 68 8f
4b 87 ea 03 98 b8 a6 4e 88 ce 15 68 c4 41 a0 00 02 2f c8 1f 21 c9 8e 2a 44 c8 0a 9e a3 67 68 6b
4c 87 82 01 b8 ab e6 22 88 76 12 48 b3 81 8c 00 02 2a e8 11 e1 98 8d 7a 41 d8 05 1e 78 67 68 5e
4d 87 4e 01 38 a5 e5 fc 88 8e 0b c8 af 01 a7 00 02 2a 98 17 61 91 8d 2e 3f c8 03 1e 6e 67 68 7c
4e 87 52 01 88 ad a6 04 88 82 0b 08 b6 81 a0 00 02 2e 38 1f 61 b6 8d 6a 3f f8 03 9e 93 67 68 5e
4f 87 76 00 d8 ac 66 09 88 7e 10 d8 ba 01 a0 00 02 2e 98 1d e1 b9 8d 86 40 e8 03 1e a3 67 68 3f
50 87 86 00 08 a5 e5 fc 88 b6 12 88 b9 41 8c 00 02 2b 18 1a 61 95 8d 62 40 b8 02 5e 91 67 68 4f
51 87 4d ff 28 a7 a5 f4 88 be 0f 48 b5 41 a7 00 02 27 58 12 e1 96 8d 0e 3f 57 fc de 92 67 68 4e
52 87 45 fe 28 ab 65 ef 88 a2 0d f8 b4 41 a0 00 02 28 f8 14 21 a3 8c d6 3f 27 f5 de ad 67 69 31
53 87 15 fc a8 a8 65 d9 88 5a 0c 68 ac 41 a0 00 02 2b e8 18 21 70 8c c2 3d e7 f2 de 9c 67 69 41
54 86 a1 fc 58 a5 65 d9 88 aa 0e 78 a8 81 8c 00 02 2c 18 13 21 4a 8c c2 3b b7 ee de 7c 67 69 30
55 86 ad fd c8 a3 a5 f0 89 76 15 18 b7 81 a7 00 02 2c c8 16 e1 49 8c 9e 3c a7 eb 1e 88 67 69 03
56 87 09 fe a8 a0 65 f2 89 8a 11 e8 b5 01 a0 00 02 2b 38 18 e1 46 8c 9a 3e c7 ed 9e 9d 67 69 02
57 87 1d fd b8 a3 25 df 89 4e 0a f8 a1 01 a0 00 02 26 f8 09 a1 53 8c c6 3e 07 ef de ae 66 69 e3
58 87 31 fd b8 ac e5 de 89 ba 10 68 ae 81 8c 00 02 2a 18 0a a1 63 8c e6 3d 27 ee 5e c7 66 69 f3
59 87 7a 00 58 b5 25 fc 8a 66 18 58 ce c1 a7 00 02 31 d8 22 61 70 8d 3a 3f 57 f3 1e d2 66 69 d2
5a 86 d9 fe e8 a9 65 d6 8a 56 12 98 b6 81 a0 00 02 2c a8 18 21 68 8c ba 3d 77 ea de a6 66 69 f1
5b 85 c5 fa 38 95 25 7d 89 9a 09 08 8d 81 a0 00 02 24 57 fc 61 40 8b 8e 37 d7 d2 9e 7d 66 68 df
5c 86 79 fc 78 a0 a5 a8 8a 1e 0e 08 ad 41 8c 00 02 2b 28 0b 21 5e 8c 22 39 c7 d6 1e c0 66 68 ed
5d 87 8a 00 78 b6 65 fe 8b 66 16 88 d3 81 a7 00 02 2e 88 19 21 a0 8d 3e 3e 47 e5 1f 06 66 68 bc
5e 86 e9 fe 98 ae e5 d0 8b 5a 13 28 c0 01 a0 00 02 29 a8 15 21 66 8c 92 3b 97 d7 de e1 66 68 c8
5f 86 bd fe 58 a5 e5 b1 8a ee 10 e8 b8 c1 a0 00 02 2c d8 24 a1 2a 8c 42 3a 27 ce 1e d6 66 68 a5
60 86 fd fe f8 a4 a5 c2 8a be 11 a8 bd 81 8c 00 02 2a 88 21 61 79 8c 92 3b 37 ce 5e f4 66 68 95
61 85 ad fa 68 97 65 7a 89 e2 0a 08 9c 81 a7 00 02 20 b8 03 e1 ca 8b 4e 35 a7 b8 5e bb 66 68 98
62 85 89 fa a8 9e a5 6f 89 f6 09 d8 a3 01 a0 00 02 28 98 13 22 2d 8a ee 34 c7 b1 de c4 66 68 aa
63 87 46 00 98 b3 e5 c0 8b 1a 15 08 da 81 a0 00 02 33 48 2d a2 d2 8c 4a 3c 17 c5 5f 3c 66 68 d6
64 86 d1 fe 98 a3 a5 92 8a 8a 11 f8 cc c1 8c 00 02 2a 98 13 22 f4 8b ae 3a 27 b1 df 19 66 68 b6
65 85 89 fb 18 94 e5 5c 8a 36 0c 68 a5 81 a7 00 02 26 f8 09 22 c6 8a 7a 35 07 92 5e c3 66 68 b6
66 86 6d fe 78 a7 a5 96 8b 9e 14 58 bd 01 a0 00 02 2f 18 21 a2 f6 8b 2a 39 27 90 de fc 66 68 b3
67 86 ed ff 38 ae 65 9f 8b ae 15 68 d7 c1 a0 00 02 2f 68 1b 63 12 8b 8a 3c 97 8c 1f 25 66 68 b0
68 85 a5 fb 18 9b 25 53 8a 52 0c 48 c0 01 8c 00 02 2a 38 03 62 ab 8a 7a 38 f7 78 de d7 66 68 a2
69 85 05 fa 18 90 e5 36 8a 1e 0a 18 a8 41 a7 00 02 2a e8 06 22 54 8a 12 35 67 71 de a0 66 68 b0
